		NEWTUNE(s02_c7)
		SETSNDFREQ(s02_c7_freq)
		SETSNDCONT(s02_c7_ctrl)

		SDCTRL(3,120)

		SDFREQ(2,17)
		SDFREQ(8,-5)
		SDFREQ(8,-4)
		SDFREQ(8,-3)
		SDFREQ(8,-2)


		NEWTUNE(s03_c7)
		SETSNDFREQ(s03_c7_freq)
		SETSNDCONT(s03_c7_ctrl)

		SDCTRL(3,120)

		SDFREQ(88,1)
		SDFREQ(8,2)
		SDFREQ(8,3)
		SDFREQ(8,4)


		NEWTUNE(s04_c7)
		SETSNDFREQ(s04_c7_freq)
		SETSNDCONT(s04_c7_ctrl)

		SDCTRL(1,16)
		SDCTRL(3,4)



		NEWTUNE(s05_c7)
		SETSNDFREQ(s05_c7_freq)
		SETSNDCONT(s05_c7_ctrl)

		SDCTRL(241,16)
		SDCTRL(255,4)
		SDCTRL(255,4)
		SDCTRL(255,8)
		SDCTRL(255,12)
		SDCTRL(255,20)
		SDCTRL(255,24)
		SDCTRL(255,28)
		SDCTRL(255,32)
		SDCTRL(255,36)
		SDCTRL(255,40)
		SDCTRL(255,44)
		SDCTRL(255,48)
		SDCTRL(255,52)
		SDCTRL(255,56)
		SDCTRL(255,36)

		SDFREQ(2,13)
		SDFREQ(2,20)
		SDFREQ(2,11)
		SDFREQ(2,-25)
		SDFREQ(2,10)
		SDFREQ(2,4)
		SDFREQ(2,-11)

		NEWTUNE(s05_c6)
		SETSNDFREQ(s05_c6_freq)
		SETSNDCONT(s05_c6_ctrl)

		SDCTRL(241,16)
		SDCTRL(255,4)
		SDCTRL(255,4)
		SDCTRL(255,8)
		SDCTRL(255,12)
		SDCTRL(255,16)
		SDCTRL(255,20)
		SDCTRL(255,24)
		SDCTRL(255,32)
		SDCTRL(255,36)
		SDCTRL(255,40)
		SDCTRL(255,44)
		SDCTRL(255,48)
		SDCTRL(255,52)
		SDCTRL(255,56)

		SDFREQ(2,1)
		SDFREQ(2,17)
		SDFREQ(2,12)
		SDFREQ(2,-25)
		SDFREQ(2,6)
		SDFREQ(8,1)
		SDFREQ(2,-1)
		SDFREQ(2,7)
		SDFREQ(2,-16)
		SDFREQ(2,7)
		SDFREQ(16,1)
		SDFREQ(16,-1)
		SDFREQ(16,1)
		SDFREQ(16,-1)
		SDFREQ(16,1)
		SDFREQ(16,-1)
		SDFREQ(16,1)
		SDFREQ(16,-1)
		SDFREQ(16,1)
		SDFREQ(16,-1)
		SDFREQ(16,1)
		SDFREQ(16,-1)
		SDFREQ(16,1)
		SDFREQ(16,-1)
		SDFREQ(16,1)
		SDFREQ(16,-1)
		SDFREQ(16,1)
		SDFREQ(16,-1)
		SDFREQ(16,1)
		SDFREQ(16,-1)
		SDFREQ(16,1)
		SDFREQ(16,-1)
		SDFREQ(16,1)
		SDFREQ(16,-1)
		SDFREQ(16,1)
		SDFREQ(16,-1)
		SDFREQ(16,1)

		NEWTUNE(s05_c5)
		SETSNDFREQ(s05_c5_freq)
		SETSNDCONT(s05_c5_ctrl)

		SDCTRL(241,24)
		SDCTRL(254,4)
		SDCTRL(255,4)
		SDCTRL(254,4)
		SDCTRL(254,4)
		SDCTRL(254,4)
		SDCTRL(254,4)
		SDCTRL(254,4)

		SDFREQ(2,38)
		SDFREQ(2,-18)
		SDFREQ(2,8)
		SDFREQ(2,-20)
		SDFREQ(2,5)
		SDFREQ(2,24)
		SDFREQ(2,-5)
		SDFREQ(2,5)
		SDFREQ(2,-17)
		SDFREQ(2,-16)
		SDFREQ(2,7)
		SDFREQ(2,28)
		SDFREQ(2,-28)
		SDFREQ(2,22)
		SDFREQ(2,3)
		SDFREQ(2,-5)
		SDFREQ(2,-6)


		NEWTUNE(s06_c7)
		SETSNDFREQ(s06_c7_freq)
		SETSNDCONT(s06_c7_ctrl)

		SDCTRL(3,165)

		SDFREQ(2,17)


		NEWTUNE(s07_c7)
		SETSNDFREQ(s07_c7_freq)
		SETSNDCONT(s07_c7_ctrl)

		SDCTRL(3,165)



		NEWTUNE(s08_c7)
		SETSNDFREQ(s08_c7_freq)
		SETSNDCONT(s08_c7_ctrl)

		SDCTRL(255,25)
		SDCTRL(255,20)
		SDCTRL(255,16)
		SDCTRL(255,12)
		SDCTRL(255,8)
		SDCTRL(255,4)
		SDCTRL(255,4)
		SDCTRL(255,4)
		SDCTRL(255,4)
		SDCTRL(254,4)

		SDFREQ(2,62)
		SDFREQ(2,-1)
		SDFREQ(2,-1)
		SDFREQ(2,-20)
		SDFREQ(84,8)


		NEWTUNE(s09_c7)
		SETSNDFREQ(s09_c7_freq)
		SETSNDCONT(s09_c7_ctrl)

		SDCTRL(1,4)
		SDCTRL(1,4)
		SDCTRL(1,4)
		SDCTRL(1,4)
		SDCTRL(1,4)
		SDCTRL(1,4)
		SDCTRL(1,4)
		SDCTRL(1,4)
		SDCTRL(1,4)
		SDCTRL(252,40)
		SDCTRL(255,4)
		SDCTRL(255,8)
		SDCTRL(255,48)
		SDCTRL(255,8)
		SDCTRL(255,8)
		SDCTRL(255,8)

		SDFREQ(2,127)

		NEWTUNE(s09_c6)
		SETSNDFREQ(s09_c6_freq)
		SETSNDCONT(s09_c6_ctrl)

		SDCTRL(1,4)
		SDCTRL(1,4)
		SDCTRL(1,4)
		SDCTRL(1,4)
		SDCTRL(1,16)
		SDCTRL(255,20)
		SDCTRL(255,4)
		SDCTRL(255,4)
		SDCTRL(1,20)
		SDCTRL(255,56)
		SDCTRL(255,4)
		SDCTRL(255,16)
		SDCTRL(255,4)

		SDFREQ(2,127)


		NEWTUNE(s0A_c15)
		SETSNDFREQ(s0A_c15_freq)
		SETSNDCONT(s0A_c15_ctrl)

		SDCTRL(1,4)
		SDCTRL(1,4)
		SDCTRL(1,4)
		SDCTRL(1,4)
		SDCTRL(1,4)
		SDCTRL(1,4)
		SDCTRL(1,4)
		SDCTRL(1,4)
		SDCTRL(1,4)
		SDCTRL(255,25)
		SDCTRL(255,20)
		SDCTRL(255,20)
		SDCTRL(255,20)
		SDCTRL(255,20)
		SDCTRL(255,20)
		SDCTRL(255,20)
		SDCTRL(255,20)
		SDCTRL(255,20)


		NEWTUNE(s0A_c14)
		SETSNDFREQ(s0A_c14_freq)
		SETSNDCONT(s0A_c14_ctrl)

		SDCTRL(1,4)
		SDCTRL(1,4)
		SDCTRL(1,4)
		SDCTRL(1,4)
		SDCTRL(2,4)
		SDCTRL(2,4)
		SDCTRL(2,4)
		SDCTRL(2,4)
		SDCTRL(2,4)
		SDCTRL(255,4)
		SDCTRL(255,12)
		SDCTRL(255,12)
		SDCTRL(255,12)
		SDCTRL(255,12)
		SDCTRL(255,12)
		SDCTRL(255,12)
		SDCTRL(255,16)
		SDCTRL(255,16)
		SDCTRL(255,16)
		SDCTRL(255,16)
		SDCTRL(255,16)
		SDCTRL(255,16)
		SDCTRL(255,16)

		SDFREQ(2,2)
		SDFREQ(2,1)
		SDFREQ(2,-1)
		SDFREQ(2,1)
		SDFREQ(2,-1)
		SDFREQ(2,1)
		SDFREQ(2,-1)
		SDFREQ(2,1)
		SDFREQ(2,-1)
		SDFREQ(2,1)
		SDFREQ(2,-1)
		SDFREQ(2,1)
		SDFREQ(2,-1)
		SDFREQ(2,1)
		SDFREQ(2,-1)
		SDFREQ(2,1)
		SDFREQ(2,-1)
		SDFREQ(2,1)
		SDFREQ(2,-1)
		SDFREQ(2,1)
		SDFREQ(2,-1)
		SDFREQ(2,1)
		SDFREQ(2,-1)


		NEWTUNE(s0B_c7)
		SETSNDFREQ(s0B_c7_freq)
		SETSNDCONT(s0B_c7_ctrl)

		SDCTRL(255,8)
		SDCTRL(255,4)
		SDCTRL(255,8)
		SDCTRL(255,4)
		SDCTRL(255,8)
		SDCTRL(255,4)
		SDCTRL(255,8)
		SDCTRL(255,4)
		SDCTRL(255,8)
		SDCTRL(255,4)
		SDCTRL(255,8)
		SDCTRL(255,4)
		SDCTRL(255,8)
		SDCTRL(255,4)

		SDFREQ(2,46)
		SDFREQ(8,-1)
		SDFREQ(2,-2)
		SDFREQ(2,-1)
		SDFREQ(2,-2)
		SDFREQ(2,-3)
		SDFREQ(8,-4)
		SDFREQ(2,-4)
		SDFREQ(8,-5)
		SDFREQ(2,-5)
		SDFREQ(2,-3)
		SDFREQ(2,-4)
		SDFREQ(8,-4)
		SDFREQ(2,-4)
		SDFREQ(2,-2)
		SDFREQ(2,-1)
		SDFREQ(2,-2)


		NEWTUNE(s0C_c7)
		SETSNDFREQ(s0C_c7_freq)
		SETSNDCONT(s0C_c7_ctrl)

		SDCTRL(1,12)
		SDCTRL(2,4)
		SDCTRL(3,4)
		SDCTRL(2,4)
		SDCTRL(2,4)
		SDCTRL(255,4)
		SDCTRL(255,4)
		SDCTRL(255,4)
		SDCTRL(255,4)
		SDCTRL(255,4)
		SDCTRL(255,4)
		SDCTRL(255,8)
		SDCTRL(255,8)
		SDCTRL(255,8)
		SDCTRL(255,12)
		SDCTRL(255,16)

		SDFREQ(2,8)
		SDFREQ(28,-1)


		NEWTUNE(s0D_c7)
		SETSNDFREQ(s0D_c7_freq)
		SETSNDCONT(s0D_c7_ctrl)

		SDCTRL(1,32)
		SDCTRL(1,12)
		SDCTRL(1,8)
		SDCTRL(1,12)
		SDCTRL(1,8)
		SDCTRL(1,8)
		SDCTRL(1,4)
		SDCTRL(1,4)
		SDCTRL(1,4)
		SDCTRL(1,4)
		SDCTRL(1,4)
		SDCTRL(1,4)
		SDCTRL(1,4)
		SDCTRL(255,8)
		SDCTRL(255,8)
		SDCTRL(255,12)
		SDCTRL(255,8)
		SDCTRL(255,8)
		SDCTRL(255,12)
		SDCTRL(255,12)
		SDCTRL(255,16)
		SDCTRL(255,16)
		SDCTRL(255,16)
		SDCTRL(255,16)
		SDCTRL(255,16)
		SDCTRL(255,16)
		SDCTRL(255,16)

		SDFREQ(2,7)
		SDFREQ(56,1)
		SDFREQ(48,-1)

		NEWTUNE(s0D_c6)
		SETSNDFREQ(s0D_c6_freq)
		SETSNDCONT(s0D_c6_ctrl)

		SDCTRL(1,12)
		SDCTRL(1,8)
		SDCTRL(1,12)
		SDCTRL(1,8)
		SDCTRL(1,8)
		SDCTRL(1,4)
		SDCTRL(1,4)
		SDCTRL(1,4)
		SDCTRL(1,4)
		SDCTRL(1,4)
		SDCTRL(1,4)
		SDCTRL(1,4)
		SDCTRL(255,8)
		SDCTRL(255,8)
		SDCTRL(255,12)
		SDCTRL(255,8)
		SDCTRL(255,8)
		SDCTRL(255,12)
		SDCTRL(255,12)
		SDCTRL(255,16)
		SDCTRL(255,16)
		SDCTRL(255,16)
		SDCTRL(255,16)
		SDCTRL(255,16)
		SDCTRL(255,16)

		SDFREQ(2,24)
		SDFREQ(108,-1)


		NEWTUNE(s0E_c7)
		SETSNDFREQ(s0E_c7_freq)
		SETSNDCONT(s0E_c7_ctrl)

		SDCTRL(253,8)
		SDCTRL(254,4)
		SDCTRL(254,4)
		SDCTRL(254,4)
		SDCTRL(253,4)
		SDCTRL(254,4)

		SDFREQ(2,3)


		NEWTUNE(s0F_c7)
		SETSNDFREQ(s0F_c7_freq)
		SETSNDCONT(s0F_c7_ctrl)

		SDCTRL(241,8)
		SDCTRL(255,8)
		SDCTRL(255,4)
		SDCTRL(255,4)
		SDCTRL(255,4)
		SDCTRL(255,4)
		SDCTRL(255,4)
		SDCTRL(255,4)
		SDCTRL(255,4)
		SDCTRL(255,4)
		SDCTRL(255,4)
		SDCTRL(255,4)
		SDCTRL(255,4)
		SDCTRL(255,4)
		SDCTRL(255,4)

		SDFREQ(2,6)
		SDFREQ(16,1)
		SDFREQ(16,-1)
		SDFREQ(16,1)
		SDFREQ(16,-1)


		NEWTUNE(s10_c7)
		SETSNDFREQ(s10_c7_freq)
		SETSNDCONT(s10_c7_ctrl)

		SDCTRL(241,8)
		SDCTRL(255,8)
		SDCTRL(255,4)
		SDCTRL(255,4)
		SDCTRL(255,4)
		SDCTRL(255,4)
		SDCTRL(255,4)
		SDCTRL(255,4)
		SDCTRL(255,4)
		SDCTRL(255,4)
		SDCTRL(255,4)
		SDCTRL(255,4)
		SDCTRL(255,4)
		SDCTRL(255,4)
		SDCTRL(255,4)

		SDFREQ(2,14)
		SDFREQ(16,1)
		SDFREQ(16,-1)
		SDFREQ(16,1)
		SDFREQ(16,-1)


		NEWTUNE(s11_c7)
		SETSNDFREQ(s11_c7_freq)
		SETSNDCONT(s11_c7_ctrl)

		SDCTRL(241,8)
		SDCTRL(255,8)
		SDCTRL(255,4)
		SDCTRL(255,4)
		SDCTRL(255,4)
		SDCTRL(255,4)
		SDCTRL(255,4)
		SDCTRL(255,4)
		SDCTRL(255,4)
		SDCTRL(255,4)
		SDCTRL(255,4)
		SDCTRL(255,4)
		SDCTRL(255,4)
		SDCTRL(255,4)
		SDCTRL(255,4)

		SDFREQ(2,22)
		SDFREQ(16,1)
		SDFREQ(16,-1)
		SDFREQ(16,1)
		SDFREQ(16,-1)


		NEWTUNE(s12_c7)
		SETSNDFREQ(s12_c7_freq)
		SETSNDCONT(s12_c7_ctrl)

		SDCTRL(241,8)
		SDCTRL(255,8)
		SDCTRL(255,4)
		SDCTRL(255,4)
		SDCTRL(255,4)
		SDCTRL(255,4)
		SDCTRL(255,4)
		SDCTRL(255,4)
		SDCTRL(255,4)
		SDCTRL(255,4)
		SDCTRL(255,4)
		SDCTRL(255,4)
		SDCTRL(255,4)
		SDCTRL(255,4)
		SDCTRL(255,4)

		SDFREQ(2,30)
		SDFREQ(16,1)
		SDFREQ(16,-1)
		SDFREQ(16,1)
		SDFREQ(16,-1)


		NEWTUNE(s13_c7)
		SETSNDFREQ(s13_c7_freq)
		SETSNDCONT(s13_c7_ctrl)

		SDCTRL(241,8)
		SDCTRL(255,8)
		SDCTRL(255,4)
		SDCTRL(255,4)
		SDCTRL(255,4)
		SDCTRL(255,4)
		SDCTRL(255,4)
		SDCTRL(255,4)
		SDCTRL(255,4)
		SDCTRL(255,4)
		SDCTRL(255,4)
		SDCTRL(255,4)
		SDCTRL(255,4)
		SDCTRL(255,4)
		SDCTRL(255,4)

		SDFREQ(2,38)
		SDFREQ(16,1)
		SDFREQ(16,-1)
		SDFREQ(16,1)
		SDFREQ(16,-1)


		NEWTUNE(s14_c9)
		SETSNDFREQ(s14_c9_freq)
		SETSNDCONT(s14_c9_ctrl)

		SDCTRL(255,33)
		SDCTRL(255,4)
		SDCTRL(255,8)
		SDCTRL(255,8)
		SDCTRL(255,8)
		SDCTRL(255,13)
		SDCTRL(255,12)
		SDCTRL(255,13)
		SDCTRL(255,16)
		SDCTRL(255,17)
		SDCTRL(255,16)
		SDCTRL(255,17)
		SDCTRL(255,20)
		SDCTRL(255,22)
		SDCTRL(255,20)

		SDFREQ(2,3)
		SDFREQ(2,-3)
		SDFREQ(2,5)
		SDFREQ(2,-5)
		SDFREQ(2,4)
		SDFREQ(2,-2)
		SDFREQ(2,0)
		SDFREQ(2,-2)
		SDFREQ(2,1)
		SDFREQ(2,2)
		SDFREQ(2,-2)
		SDFREQ(2,5)
		SDFREQ(2,-7)
		SDFREQ(2,9)
		SDFREQ(2,-5)
		SDFREQ(2,4)
		SDFREQ(2,-4)
		SDFREQ(2,2)
		SDFREQ(2,-1)
		SDFREQ(2,-3)
		SDFREQ(12,8)
		SDFREQ(2,-4)
		SDFREQ(2,-2)
		SDFREQ(2,5)
		SDFREQ(2,-4)
		SDFREQ(2,16)
		SDFREQ(2,-13)
		SDFREQ(2,8)
		SDFREQ(2,-8)
		SDFREQ(2,4)
		SDFREQ(2,12)
		SDFREQ(2,-7)
		SDFREQ(2,13)
		SDFREQ(2,-8)
		SDFREQ(2,-7)
		SDFREQ(2,19)
		SDFREQ(2,-9)
		SDFREQ(2,-5)
		SDFREQ(2,11)
		SDFREQ(2,-15)
		SDFREQ(2,23)
		SDFREQ(2,-9)
		SDFREQ(2,-6)
		SDFREQ(2,21)

		NEWTUNE(s14_c8)
		SETSNDFREQ(s14_c8_freq)
		SETSNDCONT(s14_c8_ctrl)

		SDCTRL(5,4)
		SDCTRL(5,4)
		SDCTRL(2,4)
		SDCTRL(255,16)
		SDCTRL(255,4)
		SDCTRL(255,4)
		SDCTRL(255,8)
		SDCTRL(255,8)
		SDCTRL(255,8)
		SDCTRL(255,12)
		SDCTRL(255,12)
		SDCTRL(255,12)
		SDCTRL(255,16)
		SDCTRL(255,16)
		SDCTRL(255,16)
		SDCTRL(255,16)
		SDCTRL(255,20)
		SDCTRL(255,20)

		SDFREQ(2,29)


		NEWTUNE(s15_c10)
		SETSNDFREQ(s15_c10_freq)
		SETSNDCONT(s15_c10_ctrl)

		SDCTRL(1,20)
		SDCTRL(1,20)
		SDCTRL(1,20)


		NEWTUNE(s15_c8)
		SETSNDFREQ(s15_c8_freq)
		SETSNDCONT(s15_c8_ctrl)

		SDCTRL(1,20)
		SDCTRL(1,20)
		SDCTRL(1,20)



		NEWTUNE(s16_c15)
		SETSNDFREQ(s16_c15_freq)
		SETSNDCONT(s16_c15_ctrl)

		SDCTRL(1,8)
		SDCTRL(1,8)
		SDCTRL(1,8)
		SDCTRL(1,8)
		SDCTRL(255,52)
		SDCTRL(255,20)
		SDCTRL(255,20)
		SDCTRL(255,20)

		SDFREQ(2,6)
		SDFREQ(2,-3)
		SDFREQ(2,1)
		SDFREQ(2,-1)
		SDFREQ(2,1)
		SDFREQ(2,-1)
		SDFREQ(2,1)
		SDFREQ(2,-1)
		SDFREQ(2,1)
		SDFREQ(2,-1)
		SDFREQ(2,1)
		SDFREQ(2,-1)

		NEWTUNE(s16_c14)
		SETSNDFREQ(s16_c14_freq)
		SETSNDCONT(s16_c14_ctrl)

		SDCTRL(1,8)
		SDCTRL(1,8)
		SDCTRL(1,8)
		SDCTRL(1,8)
		SDCTRL(255,52)
		SDCTRL(255,20)
		SDCTRL(255,20)
		SDCTRL(255,20)

		SDFREQ(2,6)
		SDFREQ(2,-3)
		SDFREQ(2,1)
		SDFREQ(2,-1)
		SDFREQ(2,1)
		SDFREQ(2,-1)
		SDFREQ(2,1)
		SDFREQ(2,-1)
		SDFREQ(2,1)
		SDFREQ(2,-1)
		SDFREQ(2,1)
		SDFREQ(2,-1)


		NEWTUNE(s17_c15)
		SETSNDFREQ(s17_c15_freq)
		SETSNDCONT(s17_c15_ctrl)

		SDCTRL(0,117)


		NEWTUNE(s17_c14)
		SETSNDFREQ(s17_c14_freq)
		SETSNDCONT(s17_c14_ctrl)

		SDCTRL(0,117)


		NEWTUNE(s17_c13)
		SETSNDFREQ(s17_c13_freq)
		SETSNDCONT(s17_c13_ctrl)

		SDCTRL(0,117)


		NEWTUNE(s17_c12)
		SETSNDFREQ(s17_c12_freq)
		SETSNDCONT(s17_c12_ctrl)

		SDCTRL(0,117)


		NEWTUNE(s17_c11)
		SETSNDFREQ(s17_c11_freq)
		SETSNDCONT(s17_c11_ctrl)

		SDCTRL(0,117)


		NEWTUNE(s17_c10)
		SETSNDFREQ(s17_c10_freq)
		SETSNDCONT(s17_c10_ctrl)

		SDCTRL(0,117)


		NEWTUNE(s17_c9)
		SETSNDFREQ(s17_c9_freq)
		SETSNDCONT(s17_c9_ctrl)

		SDCTRL(0,117)


		NEWTUNE(s17_c8)
		SETSNDFREQ(s17_c8_freq)
		SETSNDCONT(s17_c8_ctrl)

		SDCTRL(0,117)



		NEWTUNE(s18_c11)
		SETSNDFREQ(s18_c11_freq)
		SETSNDCONT(s18_c11_ctrl)

		SDCTRL(4,72)


		NEWTUNE(s18_c9)
		SETSNDFREQ(s18_c9_freq)
		SETSNDCONT(s18_c9_ctrl)

		SDCTRL(4,72)



		NEWTUNE(s17_c15)
		SETSNDFREQ(s17_c15_freq)
		SETSNDCONT(s17_c15_ctrl)

		SDCTRL(0,127)


		NEWTUNE(s17_c14)
		SETSNDFREQ(s17_c14_freq)
		SETSNDCONT(s17_c14_ctrl)

		SDCTRL(0,127)


		NEWTUNE(s17_c13)
		SETSNDFREQ(s17_c13_freq)
		SETSNDCONT(s17_c13_ctrl)

		SDCTRL(0,127)


		NEWTUNE(s17_c12)
		SETSNDFREQ(s17_c12_freq)
		SETSNDCONT(s17_c12_ctrl)

		SDCTRL(0,127)


		NEWTUNE(s17_c11)
		SETSNDFREQ(s17_c11_freq)
		SETSNDCONT(s17_c11_ctrl)

		SDCTRL(0,127)


		NEWTUNE(s17_c10)
		SETSNDFREQ(s17_c10_freq)
		SETSNDCONT(s17_c10_ctrl)

		SDCTRL(0,127)


		NEWTUNE(s17_c9)
		SETSNDFREQ(s17_c9_freq)
		SETSNDCONT(s17_c9_ctrl)

		SDCTRL(0,127)


		NEWTUNE(s17_c8)
		SETSNDFREQ(s17_c8_freq)
		SETSNDCONT(s17_c8_ctrl)

		SDCTRL(0,127)



		NEWTUNE(s19_c11)
		SETSNDFREQ(s19_c11_freq)
		SETSNDCONT(s19_c11_ctrl)

		SDCTRL(0,151)


		NEWTUNE(s19_c9)
		SETSNDFREQ(s19_c9_freq)
		SETSNDCONT(s19_c9_ctrl)

		SDCTRL(0,151)



		NEWTUNE(s1A_c11)
		SETSNDFREQ(s1A_c11_freq)
		SETSNDCONT(s1A_c11_ctrl)

		SDCTRL(0,223)


		NEWTUNE(s1A_c10)
		SETSNDFREQ(s1A_c10_freq)
		SETSNDCONT(s1A_c10_ctrl)

		SDCTRL(0,223)


		NEWTUNE(s1A_c9)
		SETSNDFREQ(s1A_c9_freq)
		SETSNDCONT(s1A_c9_ctrl)

		SDCTRL(0,223)


		NEWTUNE(s1A_c8)
		SETSNDFREQ(s1A_c8_freq)
		SETSNDCONT(s1A_c8_ctrl)

		SDCTRL(0,223)



		NEWTUNE(s1B_c9)
		SETSNDFREQ(s1B_c9_freq)
		SETSNDCONT(s1B_c9_ctrl)

		SDCTRL(1,12)
		SDCTRL(1,16)
		SDCTRL(1,14)
		SDCTRL(1,14)
		SDCTRL(1,14)
		SDCTRL(1,12)
		SDCTRL(1,12)
		SDCTRL(1,12)
		SDCTRL(2,12)
		SDCTRL(3,12)
		SDCTRL(241,20)



		NEWTUNE(s1B_c9)
		SETSNDFREQ(s1B_c9_freq)
		SETSNDCONT(s1B_c9_ctrl)

		SDCTRL(1,12)
		SDCTRL(1,16)
		SDCTRL(1,14)
		SDCTRL(1,14)
		SDCTRL(1,14)
		SDCTRL(1,12)
		SDCTRL(1,12)
		SDCTRL(1,12)
		SDCTRL(2,12)
		SDCTRL(3,12)
		SDCTRL(241,20)



		NEWTUNE(s1C_c7)
		SETSNDFREQ(s1C_c7_freq)
		SETSNDCONT(s1C_c7_ctrl)

		SDCTRL(255,13)
		SDCTRL(255,16)
		SDCTRL(255,17)
		SDCTRL(255,16)
		SDCTRL(255,17)
		SDCTRL(255,20)
		SDCTRL(255,22)
		SDCTRL(255,20)

		SDFREQ(2,10)
		SDFREQ(2,-4)
		SDFREQ(2,2)
		SDFREQ(2,-1)
		SDFREQ(2,-3)
		SDFREQ(12,8)
		SDFREQ(2,-4)
		SDFREQ(2,-2)
		SDFREQ(2,5)
		SDFREQ(2,-4)
		SDFREQ(2,16)
		SDFREQ(2,-13)
		SDFREQ(2,8)
		SDFREQ(2,-8)
		SDFREQ(2,4)
		SDFREQ(2,12)
		SDFREQ(2,-7)
		SDFREQ(2,13)
		SDFREQ(2,-8)
		SDFREQ(2,-7)
		SDFREQ(2,19)
		SDFREQ(2,-9)
		SDFREQ(2,-5)
		SDFREQ(2,11)
		SDFREQ(2,-15)
		SDFREQ(2,23)
		SDFREQ(2,-9)
		SDFREQ(2,-6)
		SDFREQ(2,21)

		NEWTUNE(s1C_c6)
		SETSNDFREQ(s1C_c6_freq)
		SETSNDCONT(s1C_c6_ctrl)

		SDCTRL(6,65)

		SDFREQ(2,0)


		NEWTUNE(s1D_c13)
		SETSNDFREQ(s1D_c13_freq)
		SETSNDCONT(s1D_c13_ctrl)

		SDCTRL(255,40)

		SDFREQ(2,3)
		SDFREQ(2,-1)
		SDFREQ(2,1)
		SDFREQ(2,-1)
		SDFREQ(2,1)
		SDFREQ(2,-1)
		SDFREQ(2,1)
		SDFREQ(2,-1)
		SDFREQ(2,1)
		SDFREQ(2,-1)
		SDFREQ(2,1)
		SDFREQ(2,-1)

		NEWTUNE(s1D_c12)
		SETSNDFREQ(s1D_c12_freq)
		SETSNDCONT(s1D_c12_ctrl)

		SDCTRL(1,4)
		SDCTRL(1,4)
		SDCTRL(1,8)
		SDCTRL(1,4)
		SDCTRL(1,4)
		SDCTRL(2,4)
		SDCTRL(2,4)
		SDCTRL(2,4)
		SDCTRL(250,4)
		SDCTRL(255,28)
		SDCTRL(255,12)
		SDCTRL(255,12)
		SDCTRL(255,12)
		SDCTRL(255,12)
		SDCTRL(255,12)
		SDCTRL(255,12)
		SDCTRL(255,12)

		SDFREQ(2,25)
		SDFREQ(36,-2)

		NEWTUNE(s1D_c9)
		SETSNDFREQ(s1D_c9_freq)
		SETSNDCONT(s1D_c9_ctrl)

		SDCTRL(255,40)

		SDFREQ(2,3)
		SDFREQ(2,-1)
		SDFREQ(2,1)
		SDFREQ(2,-1)
		SDFREQ(2,1)
		SDFREQ(2,-1)
		SDFREQ(2,1)
		SDFREQ(2,-1)
		SDFREQ(2,1)
		SDFREQ(2,-1)
		SDFREQ(2,1)
		SDFREQ(2,-1)

		NEWTUNE(s1D_c8)
		SETSNDFREQ(s1D_c8_freq)
		SETSNDCONT(s1D_c8_ctrl)

		SDCTRL(1,4)
		SDCTRL(1,4)
		SDCTRL(1,8)
		SDCTRL(1,4)
		SDCTRL(1,4)
		SDCTRL(2,4)
		SDCTRL(2,4)
		SDCTRL(2,4)
		SDCTRL(250,4)
		SDCTRL(255,28)
		SDCTRL(255,12)
		SDCTRL(255,12)
		SDCTRL(255,12)
		SDCTRL(255,12)
		SDCTRL(255,12)
		SDCTRL(255,12)
		SDCTRL(255,12)

		SDFREQ(2,25)
		SDFREQ(36,-2)


		NEWTUNE(s1E_c8)
		SETSNDFREQ(s1E_c8_freq)
		SETSNDCONT(s1E_c8_ctrl)

		SDCTRL(1,28)
		SDCTRL(1,32)
		SDCTRL(1,20)
		SDCTRL(1,16)
		SDCTRL(1,16)
		SDCTRL(1,12)
		SDCTRL(1,12)
		SDCTRL(1,8)
		SDCTRL(1,8)
		SDCTRL(1,4)

		SDFREQ(2,25)


		NEWTUNE(s1F_c8)
		SETSNDFREQ(s1F_c8_freq)
		SETSNDCONT(s1F_c8_ctrl)

		SDCTRL(1,20)
		SDCTRL(1,20)
		SDCTRL(1,20)
		SDCTRL(1,16)
		SDCTRL(1,16)
		SDCTRL(1,12)
		SDCTRL(1,8)
		SDCTRL(1,8)
		SDCTRL(1,8)
		SDCTRL(1,4)
		SDCTRL(1,4)
		SDCTRL(1,4)



		NEWTUNE(s20_c8)
		SETSNDFREQ(s20_c8_freq)
		SETSNDCONT(s20_c8_ctrl)

		SDCTRL(255,13)
		SDCTRL(255,8)
		SDCTRL(255,13)
		SDCTRL(255,18)
		SDCTRL(255,13)
		SDCTRL(255,13)
		SDCTRL(255,18)

		SDFREQ(2,7)
		SDFREQ(2,-3)
		SDFREQ(2,5)
		SDFREQ(2,-2)
		SDFREQ(2,-3)
		SDFREQ(2,6)
		SDFREQ(2,2)
		SDFREQ(2,-6)
		SDFREQ(2,8)
		SDFREQ(2,-5)
		SDFREQ(2,-3)
		SDFREQ(2,10)
		SDFREQ(2,-4)
		SDFREQ(2,7)
		SDFREQ(2,4)
		SDFREQ(2,-14)
		SDFREQ(2,16)
		SDFREQ(2,7)
		SDFREQ(2,-15)
		SDFREQ(2,-4)
		SDFREQ(2,23)
		SDFREQ(2,-10)
		SDFREQ(2,-5)
		SDFREQ(2,18)
		SDFREQ(2,-22)
		SDFREQ(2,15)


		NEWTUNE(s21_c7)
		SETSNDFREQ(s21_c7_freq)
		SETSNDCONT(s21_c7_ctrl)

		SDCTRL(1,4)
		SDCTRL(1,4)
		SDCTRL(1,4)
		SDCTRL(1,4)
		SDCTRL(1,4)
		SDCTRL(1,4)
		SDCTRL(1,4)
		SDCTRL(1,4)
		SDCTRL(255,84)
		SDCTRL(255,44)
		SDCTRL(255,40)
		SDCTRL(255,40)
		SDCTRL(255,40)
		SDCTRL(255,40)
		SDCTRL(255,16)
		SDCTRL(255,12)
		SDCTRL(255,8)

		SDFREQ(2,3)
		SDFREQ(2,-3)
		SDFREQ(2,5)
		SDFREQ(2,-5)
		SDFREQ(2,4)
		SDFREQ(2,-2)
		SDFREQ(2,0)
		SDFREQ(2,-2)
		SDFREQ(2,1)
		SDFREQ(2,2)
		SDFREQ(2,-2)
		SDFREQ(2,5)
		SDFREQ(2,-7)
		SDFREQ(2,9)
		SDFREQ(2,-5)
		SDFREQ(2,4)
		SDFREQ(2,-4)
		SDFREQ(2,2)
		SDFREQ(2,-1)
		SDFREQ(2,-3)
		SDFREQ(12,8)
		SDFREQ(2,-4)
		SDFREQ(2,-2)
		SDFREQ(2,5)
		SDFREQ(2,-4)
		SDFREQ(2,16)
		SDFREQ(2,-13)
		SDFREQ(2,8)
		SDFREQ(2,-8)
		SDFREQ(2,4)
		SDFREQ(2,12)
		SDFREQ(2,-7)
		SDFREQ(2,13)
		SDFREQ(2,-8)
		SDFREQ(2,-7)
		SDFREQ(2,19)
		SDFREQ(2,-9)
		SDFREQ(2,-5)
		SDFREQ(2,11)
		SDFREQ(2,-15)
		SDFREQ(2,23)
		SDFREQ(2,-9)
		SDFREQ(2,-6)
		SDFREQ(2,21)
		SDFREQ(2,-24)
		SDFREQ(2,10)
		SDFREQ(2,-6)
		SDFREQ(2,14)
		SDFREQ(2,-6)
		SDFREQ(2,14)
		SDFREQ(2,-21)
		SDFREQ(2,10)
		SDFREQ(2,-4)
		SDFREQ(2,11)
		SDFREQ(2,-9)
		SDFREQ(2,5)
		SDFREQ(2,7)
		SDFREQ(2,-19)
		SDFREQ(2,10)
		SDFREQ(2,-5)
		SDFREQ(2,9)
		SDFREQ(2,5)
		SDFREQ(2,-18)
		SDFREQ(2,8)

		NEWTUNE(s21_c6)
		SETSNDFREQ(s21_c6_freq)
		SETSNDCONT(s21_c6_ctrl)

		SDCTRL(1,4)
		SDCTRL(1,4)
		SDCTRL(1,4)
		SDCTRL(1,4)
		SDCTRL(1,4)
		SDCTRL(1,4)
		SDCTRL(1,4)
		SDCTRL(1,4)
		SDCTRL(255,84)
		SDCTRL(255,44)
		SDCTRL(255,40)
		SDCTRL(255,40)
		SDCTRL(255,40)
		SDCTRL(255,40)
		SDCTRL(255,16)
		SDCTRL(255,12)
		SDCTRL(255,8)

		SDFREQ(2,3)
		SDFREQ(2,-3)
		SDFREQ(2,5)
		SDFREQ(2,-5)
		SDFREQ(2,4)
		SDFREQ(2,-2)
		SDFREQ(2,0)
		SDFREQ(2,-2)
		SDFREQ(2,1)
		SDFREQ(2,2)
		SDFREQ(2,-2)
		SDFREQ(2,5)
		SDFREQ(2,-7)
		SDFREQ(2,9)
		SDFREQ(2,-5)
		SDFREQ(2,4)
		SDFREQ(2,-4)
		SDFREQ(2,2)
		SDFREQ(2,-1)
		SDFREQ(2,-3)
		SDFREQ(12,8)
		SDFREQ(2,-4)
		SDFREQ(2,-2)
		SDFREQ(2,5)
		SDFREQ(2,-4)
		SDFREQ(2,16)
		SDFREQ(2,-13)
		SDFREQ(2,8)
		SDFREQ(2,-8)
		SDFREQ(2,4)
		SDFREQ(2,12)
		SDFREQ(2,-7)
		SDFREQ(2,13)
		SDFREQ(2,-8)
		SDFREQ(2,-7)
		SDFREQ(2,19)
		SDFREQ(2,-9)
		SDFREQ(2,-5)
		SDFREQ(2,11)
		SDFREQ(2,-15)
		SDFREQ(2,23)
		SDFREQ(2,-9)
		SDFREQ(2,-6)
		SDFREQ(2,21)
		SDFREQ(2,-24)
		SDFREQ(2,10)
		SDFREQ(2,-6)
		SDFREQ(2,14)
		SDFREQ(2,-6)
		SDFREQ(2,14)
		SDFREQ(2,-21)
		SDFREQ(2,10)
		SDFREQ(2,-4)
		SDFREQ(2,11)
		SDFREQ(2,-9)
		SDFREQ(2,5)
		SDFREQ(2,7)
		SDFREQ(2,-19)
		SDFREQ(2,10)
		SDFREQ(2,-5)
		SDFREQ(2,9)
		SDFREQ(2,5)
		SDFREQ(2,-18)
		SDFREQ(2,8)

		NEWTUNE(s21_c5)
		SETSNDFREQ(s21_c5_freq)
		SETSNDCONT(s21_c5_ctrl)

		SDCTRL(1,4)
		SDCTRL(1,4)
		SDCTRL(1,4)
		SDCTRL(1,4)
		SDCTRL(1,4)
		SDCTRL(1,4)
		SDCTRL(1,4)
		SDCTRL(1,4)
		SDCTRL(255,84)
		SDCTRL(255,44)
		SDCTRL(255,40)
		SDCTRL(255,40)
		SDCTRL(255,40)
		SDCTRL(255,40)
		SDCTRL(255,16)
		SDCTRL(255,12)
		SDCTRL(255,8)

		SDFREQ(2,3)
		SDFREQ(2,-3)
		SDFREQ(2,5)
		SDFREQ(2,-5)
		SDFREQ(2,4)
		SDFREQ(2,-2)
		SDFREQ(2,0)
		SDFREQ(2,-2)
		SDFREQ(2,1)
		SDFREQ(2,2)
		SDFREQ(2,-2)
		SDFREQ(2,5)
		SDFREQ(2,-7)
		SDFREQ(2,9)
		SDFREQ(2,-5)
		SDFREQ(2,4)
		SDFREQ(2,-4)
		SDFREQ(2,2)
		SDFREQ(2,-1)
		SDFREQ(2,-3)
		SDFREQ(12,8)
		SDFREQ(2,-4)
		SDFREQ(2,-2)
		SDFREQ(2,5)
		SDFREQ(2,-4)
		SDFREQ(2,16)
		SDFREQ(2,-13)
		SDFREQ(2,8)
		SDFREQ(2,-8)
		SDFREQ(2,4)
		SDFREQ(2,12)
		SDFREQ(2,-7)
		SDFREQ(2,13)
		SDFREQ(2,-8)
		SDFREQ(2,-7)
		SDFREQ(2,19)
		SDFREQ(2,-9)
		SDFREQ(2,-5)
		SDFREQ(2,11)
		SDFREQ(2,-15)
		SDFREQ(2,23)
		SDFREQ(2,-9)
		SDFREQ(2,-6)
		SDFREQ(2,21)
		SDFREQ(2,-24)
		SDFREQ(2,10)
		SDFREQ(2,-6)
		SDFREQ(2,14)
		SDFREQ(2,-6)
		SDFREQ(2,14)
		SDFREQ(2,-21)
		SDFREQ(2,10)
		SDFREQ(2,-4)
		SDFREQ(2,11)
		SDFREQ(2,-9)
		SDFREQ(2,5)
		SDFREQ(2,7)
		SDFREQ(2,-19)
		SDFREQ(2,10)
		SDFREQ(2,-5)
		SDFREQ(2,9)
		SDFREQ(2,5)
		SDFREQ(2,-18)
		SDFREQ(2,8)


		NEWTUNE(s22_c12)
		SETSNDFREQ(s22_c12_freq)
		SETSNDCONT(s22_c12_ctrl)

		SDCTRL(5,4)
		SDCTRL(6,4)
		SDCTRL(255,128)
		SDCTRL(255,4)
		SDCTRL(255,4)
		SDCTRL(255,4)
		SDCTRL(255,4)
		SDCTRL(255,4)
		SDCTRL(255,4)
		SDCTRL(255,4)
		SDCTRL(255,4)
		SDCTRL(255,4)
		SDCTRL(255,4)
		SDCTRL(255,4)
		SDCTRL(255,4)
		SDCTRL(255,4)

		SDFREQ(2,49)
		SDFREQ(92,-1)


		NEWTUNE(s23_c7)
		SETSNDFREQ(s23_c7_freq)
		SETSNDCONT(s23_c7_ctrl)

		SDCTRL(254,200)
		SDCTRL(255,16)
		SDCTRL(255,8)
		SDCTRL(255,8)
		SDCTRL(255,8)
		SDCTRL(255,4)

		SDFREQ(2,127)
		SDFREQ(2,-128)
		SDFREQ(2,118)
		SDFREQ(2,-119)
		SDFREQ(2,109)
		SDFREQ(2,-110)
		SDFREQ(2,101)
		SDFREQ(2,-101)
		SDFREQ(2,93)
		SDFREQ(2,-93)
		SDFREQ(2,85)
		SDFREQ(2,-86)
		SDFREQ(2,78)
		SDFREQ(2,-79)
		SDFREQ(2,72)
		SDFREQ(2,-72)
		SDFREQ(2,66)
		SDFREQ(2,-66)
		SDFREQ(2,60)
		SDFREQ(2,-61)
		SDFREQ(2,55)
		SDFREQ(2,-56)
		SDFREQ(2,51)
		SDFREQ(2,-51)
		SDFREQ(2,47)
		SDFREQ(2,-47)
		SDFREQ(2,43)
		SDFREQ(2,-43)
		SDFREQ(2,39)
		SDFREQ(2,-40)
		SDFREQ(2,36)
		SDFREQ(2,-36)
		SDFREQ(2,33)
		SDFREQ(2,-33)
		SDFREQ(2,30)
		SDFREQ(2,-30)
		SDFREQ(2,27)
		SDFREQ(2,-28)
		SDFREQ(2,25)
		SDFREQ(2,-25)
		SDFREQ(2,22)
		SDFREQ(2,-23)
		SDFREQ(2,20)
		SDFREQ(2,-21)
		SDFREQ(2,18)
		SDFREQ(2,-19)
		SDFREQ(2,16)
		SDFREQ(2,-17)
		SDFREQ(2,14)
		SDFREQ(2,-15)
		SDFREQ(2,13)
		SDFREQ(2,-13)
		SDFREQ(2,11)
		SDFREQ(2,-12)
		SDFREQ(2,10)
		SDFREQ(2,-10)
		SDFREQ(2,9)
		SDFREQ(2,-9)
		SDFREQ(2,8)
		SDFREQ(2,-8)
		SDFREQ(2,7)
		SDFREQ(2,-7)
		SDFREQ(2,6)
		SDFREQ(2,-6)
		SDFREQ(2,5)
		SDFREQ(2,-5)
		SDFREQ(2,4)
		SDFREQ(2,-5)
		SDFREQ(2,4)
		SDFREQ(2,-4)
		SDFREQ(2,3)
		SDFREQ(2,-4)
		SDFREQ(2,3)
		SDFREQ(2,-3)
		SDFREQ(2,2)
		SDFREQ(2,-3)
		SDFREQ(2,2)
		SDFREQ(2,-2)
		SDFREQ(2,1)
		SDFREQ(2,-2)
		SDFREQ(2,1)
		SDFREQ(2,-2)
		SDFREQ(2,1)
		SDFREQ(2,-1)
		SDFREQ(2,1)
		SDFREQ(2,-1)
		SDFREQ(2,0)
		SDFREQ(2,-1)

		NEWTUNE(s23_c6)
		SETSNDFREQ(s23_c6_freq)
		SETSNDCONT(s23_c6_ctrl)

		SDCTRL(254,200)
		SDCTRL(255,16)
		SDCTRL(255,8)
		SDCTRL(255,8)
		SDCTRL(255,8)
		SDCTRL(255,4)

		SDFREQ(2,127)
		SDFREQ(2,-128)
		SDFREQ(2,118)
		SDFREQ(2,-119)
		SDFREQ(2,109)
		SDFREQ(2,-110)
		SDFREQ(2,101)
		SDFREQ(2,-101)
		SDFREQ(2,93)
		SDFREQ(2,-93)
		SDFREQ(2,85)
		SDFREQ(2,-86)
		SDFREQ(2,78)
		SDFREQ(2,-79)
		SDFREQ(2,72)
		SDFREQ(2,-72)
		SDFREQ(2,66)
		SDFREQ(2,-66)
		SDFREQ(2,60)
		SDFREQ(2,-61)
		SDFREQ(2,55)
		SDFREQ(2,-56)
		SDFREQ(2,51)
		SDFREQ(2,-51)
		SDFREQ(2,47)
		SDFREQ(2,-47)
		SDFREQ(2,43)
		SDFREQ(2,-43)
		SDFREQ(2,39)
		SDFREQ(2,-40)
		SDFREQ(2,36)
		SDFREQ(2,-36)
		SDFREQ(2,33)
		SDFREQ(2,-33)
		SDFREQ(2,30)
		SDFREQ(2,-30)
		SDFREQ(2,27)
		SDFREQ(2,-28)
		SDFREQ(2,25)
		SDFREQ(2,-25)
		SDFREQ(2,22)
		SDFREQ(2,-23)
		SDFREQ(2,20)
		SDFREQ(2,-21)
		SDFREQ(2,18)
		SDFREQ(2,-19)
		SDFREQ(2,16)
		SDFREQ(2,-17)
		SDFREQ(2,14)
		SDFREQ(2,-15)
		SDFREQ(2,13)
		SDFREQ(2,-13)
		SDFREQ(2,11)
		SDFREQ(2,-12)
		SDFREQ(2,10)
		SDFREQ(2,-10)
		SDFREQ(2,9)
		SDFREQ(2,-9)
		SDFREQ(2,8)
		SDFREQ(2,-8)
		SDFREQ(2,7)
		SDFREQ(2,-7)
		SDFREQ(2,6)
		SDFREQ(2,-6)
		SDFREQ(2,5)
		SDFREQ(2,-5)
		SDFREQ(2,4)
		SDFREQ(2,-5)
		SDFREQ(2,4)
		SDFREQ(2,-4)
		SDFREQ(2,3)
		SDFREQ(2,-4)
		SDFREQ(2,3)
		SDFREQ(2,-3)
		SDFREQ(2,2)
		SDFREQ(2,-3)
		SDFREQ(2,2)
		SDFREQ(2,-2)
		SDFREQ(2,1)
		SDFREQ(2,-2)
		SDFREQ(2,1)
		SDFREQ(2,-2)
		SDFREQ(2,1)
		SDFREQ(2,-1)
		SDFREQ(2,1)
		SDFREQ(2,-1)
		SDFREQ(2,0)
		SDFREQ(2,-1)

		NEWTUNE(s23_c5)
		SETSNDFREQ(s23_c5_freq)
		SETSNDCONT(s23_c5_ctrl)

		SDCTRL(254,40)
		SDCTRL(255,16)
		SDCTRL(255,8)
		SDCTRL(255,8)
		SDCTRL(255,8)
		SDCTRL(255,4)

		SDFREQ(2,25)
		SDFREQ(2,7)
		SDFREQ(2,-13)
		SDFREQ(2,8)
		SDFREQ(2,-12)
		SDFREQ(2,7)
		SDFREQ(2,-11)
		SDFREQ(2,7)
		SDFREQ(2,-10)
		SDFREQ(2,7)
		SDFREQ(2,-9)
		SDFREQ(2,6)
		SDFREQ(2,-8)
		SDFREQ(2,6)
		SDFREQ(2,-7)
		SDFREQ(2,5)
		SDFREQ(2,-7)
		SDFREQ(2,5)
		SDFREQ(2,-7)
		SDFREQ(2,5)
		SDFREQ(2,-6)
		SDFREQ(2,5)
		SDFREQ(2,-6)
		SDFREQ(2,5)
		SDFREQ(2,-6)
		SDFREQ(2,5)
		SDFREQ(2,-6)
		SDFREQ(2,5)
		SDFREQ(2,-6)
		SDFREQ(2,5)
		SDFREQ(2,-6)
		SDFREQ(2,5)
		SDFREQ(2,-6)
		SDFREQ(2,5)
		SDFREQ(2,-5)
		SDFREQ(2,4)
		SDFREQ(2,-5)
		SDFREQ(2,4)
		SDFREQ(2,-5)
		SDFREQ(2,4)
		SDFREQ(2,-5)
		SDFREQ(2,4)
		SDFREQ(2,-4)
		SDFREQ(2,3)
		SDFREQ(2,-4)
		SDFREQ(2,3)
		SDFREQ(2,-4)
		SDFREQ(2,3)
		SDFREQ(2,-4)
		SDFREQ(2,3)
		SDFREQ(2,-3)


		NEWTUNE(s24_c7)
		SETSNDFREQ(s24_c7_freq)
		SETSNDCONT(s24_c7_ctrl)

		SDCTRL(241,16)
		SDCTRL(255,4)
		SDCTRL(255,4)
		SDCTRL(255,8)
		SDCTRL(255,8)
		SDCTRL(255,16)
		SDCTRL(255,20)
		SDCTRL(255,28)
		SDCTRL(255,32)
		SDCTRL(255,48)
		SDCTRL(255,52)
		SDCTRL(255,56)
		SDCTRL(255,80)
		SDCTRL(255,36)
		SDCTRL(255,32)

		SDFREQ(2,12)
		SDFREQ(8,-1)
		SDFREQ(16,1)
		SDFREQ(16,-1)
		SDFREQ(16,1)
		SDFREQ(16,-1)
		SDFREQ(16,1)
		SDFREQ(16,-1)
		SDFREQ(16,1)
		SDFREQ(16,-1)
		SDFREQ(16,1)
		SDFREQ(16,-1)
		SDFREQ(16,1)
		SDFREQ(16,-1)
		SDFREQ(16,1)
		SDFREQ(16,-1)
		SDFREQ(16,1)
		SDFREQ(16,-1)
		SDFREQ(16,1)
		SDFREQ(16,-1)
		SDFREQ(16,1)
		SDFREQ(16,-1)
		SDFREQ(16,1)
		SDFREQ(16,-1)
		SDFREQ(16,1)
		SDFREQ(16,-1)
		SDFREQ(16,1)
		SDFREQ(16,-1)
		SDFREQ(16,1)
		SDFREQ(16,-1)

		NEWTUNE(s24_c6)
		SETSNDFREQ(s24_c6_freq)
		SETSNDCONT(s24_c6_ctrl)

		SDCTRL(241,8)
		SDCTRL(255,4)
		SDCTRL(255,4)
		SDCTRL(255,4)
		SDCTRL(255,8)
		SDCTRL(255,8)
		SDCTRL(255,8)
		SDCTRL(255,12)
		SDCTRL(255,12)
		SDCTRL(255,12)
		SDCTRL(255,17)
		SDCTRL(255,16)
		SDCTRL(255,16)
		SDCTRL(255,20)
		SDCTRL(255,20)
		SDCTRL(255,24)

		SDFREQ(2,17)
		SDFREQ(20,-1)
		SDFREQ(2,-10)


		NEWTUNE(s25_c15)
		SETSNDFREQ(s25_c15_freq)
		SETSNDCONT(s25_c15_ctrl)

		SDCTRL(254,13)
		SDCTRL(254,13)
		SDCTRL(254,13)
		SDCTRL(254,13)
		SDCTRL(255,13)
		SDCTRL(255,13)
		SDCTRL(255,13)
		SDCTRL(7,13)
		SDCTRL(254,13)
		SDCTRL(254,13)
		SDCTRL(254,13)
		SDCTRL(254,13)
		SDCTRL(255,13)
		SDCTRL(255,13)
		SDCTRL(255,13)
		SDCTRL(3,13)
		SDCTRL(255,13)
		SDCTRL(255,13)
		SDCTRL(255,13)
		SDCTRL(3,13)
		SDCTRL(255,13)
		SDCTRL(255,13)
		SDCTRL(255,13)
		SDCTRL(7,13)
		SDCTRL(254,13)
		SDCTRL(254,13)
		SDCTRL(254,13)
		SDCTRL(254,13)
		SDCTRL(255,13)
		SDCTRL(255,13)
		SDCTRL(255,13)
		SDCTRL(7,13)
		SDCTRL(254,13)
		SDCTRL(254,13)
		SDCTRL(254,13)
		SDCTRL(254,13)
		SDCTRL(255,13)
		SDCTRL(255,13)
		SDCTRL(255,13)
		SDCTRL(3,13)
		SDCTRL(255,13)
		SDCTRL(255,13)
		SDCTRL(255,13)
		SDCTRL(3,13)
		SDCTRL(255,13)
		SDCTRL(255,13)
		SDCTRL(255,13)
		SDCTRL(7,13)
		SDCTRL(254,13)
		SDCTRL(254,13)
		SDCTRL(254,13)
		SDCTRL(254,13)
		SDCTRL(255,13)
		SDCTRL(255,13)
		SDCTRL(255,13)
		SDCTRL(7,13)
		SDCTRL(254,13)
		SDCTRL(254,13)
		SDCTRL(254,13)
		SDCTRL(254,13)
		SDCTRL(255,13)
		SDCTRL(255,13)
		SDCTRL(255,13)
		SDCTRL(3,13)
		SDCTRL(255,13)
		SDCTRL(255,13)
		SDCTRL(255,13)
		SDCTRL(3,13)
		SDCTRL(255,13)
		SDCTRL(255,13)
		SDCTRL(255,13)
		SDCTRL(7,13)
		SDCTRL(254,13)
		SDCTRL(254,13)
		SDCTRL(254,13)
		SDCTRL(254,13)
		SDCTRL(255,13)
		SDCTRL(255,13)
		SDCTRL(255,13)
		SDCTRL(7,13)
		SDCTRL(254,13)
		SDCTRL(254,13)
		SDCTRL(254,13)
		SDCTRL(254,13)
		SDCTRL(255,13)
		SDCTRL(255,13)
		SDCTRL(255,13)
		SDCTRL(3,13)
		SDCTRL(255,13)
		SDCTRL(255,13)
		SDCTRL(255,13)
		SDCTRL(3,13)
		SDCTRL(255,13)
		SDCTRL(255,13)
		SDCTRL(255,13)
		SDCTRL(3,13)
		SDCTRL(255,13)
		SDCTRL(255,13)
		SDCTRL(255,13)
		SDCTRL(3,13)
		SDCTRL(255,13)
		SDCTRL(255,13)
		SDCTRL(255,13)
		SDCTRL(3,13)
		SDCTRL(255,13)
		SDCTRL(255,13)
		SDCTRL(255,13)
		SDCTRL(3,13)
		SDCTRL(255,13)
		SDCTRL(255,13)
		SDCTRL(255,13)
		SDCTRL(3,13)
		SDCTRL(255,13)
		SDCTRL(255,13)
		SDCTRL(255,13)
		SDCTRL(3,13)
		SDCTRL(255,13)
		SDCTRL(255,13)
		SDCTRL(255,13)
		SDCTRL(3,13)
		SDCTRL(255,13)
		SDCTRL(255,13)
		SDCTRL(255,13)
		SDCTRL(3,13)
		SDCTRL(255,13)
		SDCTRL(255,13)
		SDCTRL(255,13)
		SDCTRL(3,13)
		SDCTRL(255,13)
		SDCTRL(255,13)
		SDCTRL(255,13)
		SDCTRL(3,13)
		SDCTRL(255,13)
		SDCTRL(255,13)
		SDCTRL(255,13)
		SDCTRL(3,13)
		SDCTRL(255,13)
		SDCTRL(255,13)
		SDCTRL(255,13)
		SDCTRL(3,13)
		SDCTRL(255,13)
		SDCTRL(255,13)
		SDCTRL(255,13)
		SDCTRL(3,13)
		SDCTRL(255,13)
		SDCTRL(255,13)
		SDCTRL(255,13)
		SDCTRL(3,13)
		SDCTRL(255,13)
		SDCTRL(255,13)
		SDCTRL(255,13)
		SDCTRL(3,13)
		SDCTRL(255,13)
		SDCTRL(255,13)
		SDCTRL(255,13)
		SDCTRL(3,13)
		SDCTRL(255,13)
		SDCTRL(255,13)
		SDCTRL(255,13)
		SDCTRL(3,13)
		SDCTRL(255,13)
		SDCTRL(255,13)
		SDCTRL(255,13)
		SDCTRL(3,13)
		SDCTRL(255,13)
		SDCTRL(255,13)
		SDCTRL(255,13)
		SDCTRL(3,13)
		SDCTRL(255,13)
		SDCTRL(255,13)
		SDCTRL(255,13)
		SDCTRL(3,13)
		SDCTRL(255,13)
		SDCTRL(255,13)
		SDCTRL(255,13)
		SDCTRL(3,13)
		SDCTRL(255,13)
		SDCTRL(255,13)
		SDCTRL(255,13)
		SDCTRL(3,13)
		SDCTRL(255,13)
		SDCTRL(255,13)
		SDCTRL(255,13)
		SDCTRL(3,13)
		SDCTRL(255,13)
		SDCTRL(255,13)
		SDCTRL(255,13)
		SDCTRL(3,13)
		SDCTRL(255,13)
		SDCTRL(255,13)
		SDCTRL(255,13)
		SDCTRL(3,13)
		SDCTRL(255,13)
		SDCTRL(255,13)
		SDCTRL(255,13)
		SDCTRL(3,13)
		SDCTRL(255,13)
		SDCTRL(255,13)
		SDCTRL(255,13)
		SDCTRL(3,13)
		SDCTRL(255,13)
		SDCTRL(255,13)
		SDCTRL(255,13)
		SDCTRL(3,13)
		SDCTRL(255,13)
		SDCTRL(255,13)
		SDCTRL(255,13)
		SDCTRL(3,13)
		SDCTRL(255,13)
		SDCTRL(255,13)
		SDCTRL(255,13)
		SDCTRL(3,13)
		SDCTRL(255,13)
		SDCTRL(255,13)
		SDCTRL(255,13)
		SDCTRL(3,13)
		SDCTRL(255,13)
		SDCTRL(255,13)
		SDCTRL(255,13)
		SDCTRL(3,13)
		SDCTRL(255,13)
		SDCTRL(255,13)
		SDCTRL(255,13)
		SDCTRL(7,13)
		SDCTRL(254,13)
		SDCTRL(254,13)
		SDCTRL(254,13)
		SDCTRL(254,13)
		SDCTRL(255,13)
		SDCTRL(255,13)
		SDCTRL(255,13)
		SDCTRL(7,13)
		SDCTRL(254,13)
		SDCTRL(254,13)
		SDCTRL(254,13)
		SDCTRL(254,13)
		SDCTRL(255,13)
		SDCTRL(255,13)
		SDCTRL(255,13)
		SDCTRL(3,13)
		SDCTRL(255,13)
		SDCTRL(255,13)
		SDCTRL(255,13)
		SDCTRL(3,13)
		SDCTRL(255,13)
		SDCTRL(255,13)
		SDCTRL(255,13)
		SDCTRL(7,13)
		SDCTRL(254,13)
		SDCTRL(254,13)
		SDCTRL(254,13)
		SDCTRL(254,13)
		SDCTRL(255,13)
		SDCTRL(255,13)
		SDCTRL(255,13)
		SDCTRL(7,13)
		SDCTRL(254,13)
		SDCTRL(254,13)
		SDCTRL(254,13)
		SDCTRL(254,13)
		SDCTRL(255,13)
		SDCTRL(255,13)
		SDCTRL(255,13)
		SDCTRL(3,13)
		SDCTRL(255,13)
		SDCTRL(255,13)
		SDCTRL(255,13)
		SDCTRL(3,13)
		SDCTRL(255,13)
		SDCTRL(255,13)
		SDCTRL(255,13)
		SDCTRL(7,13)
		SDCTRL(254,13)
		SDCTRL(254,13)
		SDCTRL(254,13)
		SDCTRL(254,13)
		SDCTRL(255,13)
		SDCTRL(255,13)
		SDCTRL(255,13)
		SDCTRL(7,13)
		SDCTRL(254,13)
		SDCTRL(254,13)
		SDCTRL(254,13)
		SDCTRL(254,13)

		SDFREQ(2,22)
		SDFREQ(2,-4)
		SDFREQ(2,1)
		SDFREQ(2,-5)
		SDFREQ(2,7)
		SDFREQ(2,-4)
		SDFREQ(2,1)
		SDFREQ(2,-5)
		SDFREQ(2,7)
		SDFREQ(2,-4)
		SDFREQ(2,1)
		SDFREQ(2,-5)
		SDFREQ(2,7)
		SDFREQ(2,-4)
		SDFREQ(2,1)
		SDFREQ(2,-5)
		SDFREQ(2,7)
		SDFREQ(2,-4)
		SDFREQ(2,1)
		SDFREQ(2,-5)
		SDFREQ(2,7)
		SDFREQ(2,-4)
		SDFREQ(2,1)
		SDFREQ(2,-5)
		SDFREQ(2,-1)
		SDFREQ(2,4)
		SDFREQ(2,1)
		SDFREQ(2,2)
		SDFREQ(2,-9)
		SDFREQ(2,4)
		SDFREQ(2,1)
		SDFREQ(2,2)
		SDFREQ(2,-9)
		SDFREQ(2,4)
		SDFREQ(2,1)
		SDFREQ(2,2)
		SDFREQ(2,-9)
		SDFREQ(2,4)
		SDFREQ(2,1)
		SDFREQ(2,2)
		SDFREQ(2,-8)
		SDFREQ(2,15)
		SDFREQ(2,-15)
		SDFREQ(2,15)
		SDFREQ(2,-15)
		SDFREQ(2,15)
		SDFREQ(2,-15)
		SDFREQ(2,15)
		SDFREQ(2,-15)
		SDFREQ(2,15)
		SDFREQ(2,-15)
		SDFREQ(2,15)
		SDFREQ(2,-15)
		SDFREQ(2,15)
		SDFREQ(2,-15)
		SDFREQ(2,15)
		SDFREQ(2,-8)
		SDFREQ(2,-4)
		SDFREQ(2,1)
		SDFREQ(2,-5)
		SDFREQ(2,7)
		SDFREQ(2,-4)
		SDFREQ(2,1)
		SDFREQ(2,-5)
		SDFREQ(2,7)
		SDFREQ(2,-4)
		SDFREQ(2,1)
		SDFREQ(2,-5)
		SDFREQ(2,7)
		SDFREQ(2,-4)

		NEWTUNE(s25_c14)
		SETSNDFREQ(s25_c14_freq)
		SETSNDCONT(s25_c14_ctrl)

		SDCTRL(0,56)

		SDFREQ(2,16)
		SDFREQ(2,104)
		SDFREQ(2,-96)
		SDFREQ(2,-12)
		SDFREQ(2,2)
		SDFREQ(2,104)
		SDFREQ(2,-96)
		SDFREQ(2,-12)
		SDFREQ(2,2)
		SDFREQ(2,104)
		SDFREQ(2,-96)
		SDFREQ(2,-12)
		SDFREQ(2,2)
		SDFREQ(2,104)
		SDFREQ(2,-96)
		SDFREQ(2,-12)
		SDFREQ(2,2)
		SDFREQ(2,104)
		SDFREQ(2,-96)
		SDFREQ(2,-12)
		SDFREQ(2,2)
		SDFREQ(2,104)
		SDFREQ(2,-96)
		SDFREQ(2,-12)
		SDFREQ(2,39)
		SDFREQ(2,67)
		SDFREQ(2,-96)
		SDFREQ(2,-9)
		SDFREQ(2,37)
		SDFREQ(2,67)
		SDFREQ(2,-96)
		SDFREQ(2,-9)
		SDFREQ(2,37)
		SDFREQ(2,67)
		SDFREQ(2,-96)
		SDFREQ(2,-9)
		SDFREQ(2,37)
		SDFREQ(2,67)
		SDFREQ(2,-96)
		SDFREQ(2,-9)
		SDFREQ(2,-3)
		SDFREQ(2,17)
		SDFREQ(2,-18)
		SDFREQ(2,17)
		SDFREQ(2,-18)
		SDFREQ(2,17)
		SDFREQ(2,-18)
		SDFREQ(2,17)
		SDFREQ(2,-18)
		SDFREQ(2,17)
		SDFREQ(2,-18)
		SDFREQ(2,17)
		SDFREQ(2,-18)
		SDFREQ(2,17)
		SDFREQ(2,-18)
		SDFREQ(2,17)
		SDFREQ(2,-15)
		SDFREQ(2,104)
		SDFREQ(2,-96)
		SDFREQ(2,-12)
		SDFREQ(2,2)
		SDFREQ(2,104)
		SDFREQ(2,-96)
		SDFREQ(2,-12)
		SDFREQ(2,2)
		SDFREQ(2,104)
		SDFREQ(2,-96)
		SDFREQ(2,-12)
		SDFREQ(2,2)
		SDFREQ(2,104)


		NEWTUNE(s26_c15)
		SETSNDFREQ(s26_c15_freq)
		SETSNDCONT(s26_c15_ctrl)

		SDCTRL(255,13)
		SDCTRL(255,13)
		SDCTRL(255,13)
		SDCTRL(3,13)
		SDCTRL(255,13)
		SDCTRL(255,13)
		SDCTRL(255,13)
		SDCTRL(255,13)
		SDCTRL(255,13)
		SDCTRL(255,13)
		SDCTRL(255,13)
		SDCTRL(255,13)
		SDCTRL(255,13)
		SDCTRL(255,13)
		SDCTRL(255,13)
		SDCTRL(3,13)
		SDCTRL(254,13)
		SDCTRL(2,13)
		SDCTRL(254,13)
		SDCTRL(2,13)
		SDCTRL(255,13)
		SDCTRL(255,13)
		SDCTRL(255,13)
		SDCTRL(3,13)
		SDCTRL(255,13)
		SDCTRL(255,13)
		SDCTRL(255,13)
		SDCTRL(3,13)
		SDCTRL(255,13)
		SDCTRL(255,13)
		SDCTRL(255,13)
		SDCTRL(255,13)
		SDCTRL(255,13)
		SDCTRL(255,13)
		SDCTRL(255,13)
		SDCTRL(255,13)
		SDCTRL(255,13)
		SDCTRL(255,13)
		SDCTRL(255,13)
		SDCTRL(3,13)
		SDCTRL(255,13)
		SDCTRL(255,13)
		SDCTRL(255,13)
		SDCTRL(3,13)
		SDCTRL(255,13)
		SDCTRL(255,13)
		SDCTRL(255,13)
		SDCTRL(3,13)
		SDCTRL(255,13)
		SDCTRL(255,13)
		SDCTRL(255,13)
		SDCTRL(3,13)
		SDCTRL(255,13)
		SDCTRL(255,13)
		SDCTRL(255,13)
		SDCTRL(255,13)
		SDCTRL(255,13)
		SDCTRL(255,13)
		SDCTRL(255,13)
		SDCTRL(255,13)
		SDCTRL(255,13)
		SDCTRL(255,13)
		SDCTRL(255,13)
		SDCTRL(3,13)
		SDCTRL(254,13)
		SDCTRL(2,13)
		SDCTRL(254,13)
		SDCTRL(2,13)
		SDCTRL(255,13)
		SDCTRL(255,13)
		SDCTRL(255,13)
		SDCTRL(3,13)
		SDCTRL(255,13)
		SDCTRL(255,13)
		SDCTRL(255,13)
		SDCTRL(3,13)
		SDCTRL(255,13)
		SDCTRL(255,13)
		SDCTRL(255,13)
		SDCTRL(255,13)
		SDCTRL(255,13)
		SDCTRL(255,13)
		SDCTRL(255,13)
		SDCTRL(255,13)
		SDCTRL(255,13)
		SDCTRL(255,13)
		SDCTRL(255,13)
		SDCTRL(3,13)
		SDCTRL(255,13)
		SDCTRL(255,13)
		SDCTRL(255,13)
		SDCTRL(3,13)
		SDCTRL(255,13)
		SDCTRL(255,13)
		SDCTRL(255,13)
		SDCTRL(3,13)
		SDCTRL(255,13)
		SDCTRL(255,13)
		SDCTRL(255,13)
		SDCTRL(3,13)
		SDCTRL(255,13)
		SDCTRL(255,13)
		SDCTRL(255,13)
		SDCTRL(255,13)
		SDCTRL(255,13)
		SDCTRL(255,13)
		SDCTRL(255,13)
		SDCTRL(255,13)
		SDCTRL(255,13)
		SDCTRL(255,13)
		SDCTRL(255,13)
		SDCTRL(3,13)
		SDCTRL(254,13)
		SDCTRL(2,13)
		SDCTRL(254,13)

		SDFREQ(2,22)
		SDFREQ(2,-4)
		SDFREQ(2,1)
		SDFREQ(2,2)
		SDFREQ(2,-6)
		SDFREQ(2,2)
		SDFREQ(2,4)
		SDFREQ(2,-4)
		SDFREQ(2,1)
		SDFREQ(2,2)
		SDFREQ(2,-6)
		SDFREQ(2,2)
		SDFREQ(2,4)
		SDFREQ(2,-4)

		NEWTUNE(s26_c14)
		SETSNDFREQ(s26_c14_freq)
		SETSNDCONT(s26_c14_ctrl)

		SDCTRL(0,230)

		SDFREQ(2,16)
		SDFREQ(2,104)
		SDFREQ(2,-96)
		SDFREQ(2,-9)
		SDFREQ(2,86)
		SDFREQ(2,18)
		SDFREQ(2,-105)
		SDFREQ(2,104)
		SDFREQ(2,-96)
		SDFREQ(2,-9)
		SDFREQ(2,86)
		SDFREQ(2,18)
		SDFREQ(2,-105)
		SDFREQ(2,104)


		NEWTUNE(s27_c15)
		SETSNDFREQ(s27_c15_freq)
		SETSNDCONT(s27_c15_ctrl)

		SDCTRL(255,13)
		SDCTRL(255,13)
		SDCTRL(255,13)
		SDCTRL(3,13)
		SDCTRL(255,13)
		SDCTRL(255,13)
		SDCTRL(255,13)
		SDCTRL(3,13)
		SDCTRL(255,13)
		SDCTRL(255,13)
		SDCTRL(255,13)
		SDCTRL(3,13)
		SDCTRL(255,13)
		SDCTRL(255,13)
		SDCTRL(255,13)
		SDCTRL(3,13)
		SDCTRL(255,13)
		SDCTRL(255,13)
		SDCTRL(255,13)
		SDCTRL(3,13)
		SDCTRL(255,13)
		SDCTRL(255,13)
		SDCTRL(255,13)
		SDCTRL(3,13)
		SDCTRL(255,13)
		SDCTRL(255,13)
		SDCTRL(255,13)
		SDCTRL(3,13)
		SDCTRL(255,13)
		SDCTRL(255,13)
		SDCTRL(255,13)
		SDCTRL(3,13)
		SDCTRL(255,13)
		SDCTRL(255,13)
		SDCTRL(255,13)
		SDCTRL(3,13)
		SDCTRL(255,13)
		SDCTRL(255,13)
		SDCTRL(255,13)
		SDCTRL(3,13)
		SDCTRL(255,13)
		SDCTRL(255,13)
		SDCTRL(255,13)
		SDCTRL(3,13)
		SDCTRL(255,13)
		SDCTRL(255,13)
		SDCTRL(255,13)
		SDCTRL(3,13)
		SDCTRL(255,13)
		SDCTRL(255,13)
		SDCTRL(255,13)
		SDCTRL(3,13)
		SDCTRL(255,13)
		SDCTRL(255,13)
		SDCTRL(255,13)
		SDCTRL(3,13)
		SDCTRL(255,13)
		SDCTRL(255,13)
		SDCTRL(255,13)
		SDCTRL(3,13)
		SDCTRL(255,13)
		SDCTRL(255,13)
		SDCTRL(255,13)
		SDCTRL(3,13)
		SDCTRL(255,13)
		SDCTRL(255,13)

		SDFREQ(2,15)
		SDFREQ(2,-4)
		SDFREQ(2,3)
		SDFREQ(2,-5)
		SDFREQ(2,5)
		SDFREQ(2,-8)
		SDFREQ(2,7)
		SDFREQ(2,-9)
		SDFREQ(2,9)
		SDFREQ(2,-10)
		SDFREQ(2,10)
		SDFREQ(2,-14)
		SDFREQ(2,13)
		SDFREQ(2,-15)
		SDFREQ(2,-1)

		NEWTUNE(s27_c14)
		SETSNDFREQ(s27_c14_freq)
		SETSNDCONT(s27_c14_ctrl)

		SDCTRL(0,98)

		SDFREQ(2,13)
		SDFREQ(2,17)
		SDFREQ(2,54)
		SDFREQ(2,-54)
		SDFREQ(2,52)
		SDFREQ(2,-53)
		SDFREQ(2,-15)
		SDFREQ(2,15)
		SDFREQ(2,44)
		SDFREQ(2,-45)
		SDFREQ(2,-6)
		SDFREQ(2,6)
		SDFREQ(2,71)
		SDFREQ(2,-71)
		SDFREQ(2,84)
		SDFREQ(2,-102)


		NEWTUNE(s29_c15)
		SETSNDFREQ(s29_c15_freq)
		SETSNDCONT(s29_c15_ctrl)

		SDCTRL(254,13)
		SDCTRL(254,13)
		SDCTRL(254,13)
		SDCTRL(254,13)
		SDCTRL(255,13)
		SDCTRL(255,13)
		SDCTRL(255,13)
		SDCTRL(3,13)
		SDCTRL(255,13)
		SDCTRL(255,13)
		SDCTRL(255,13)
		SDCTRL(7,13)
		SDCTRL(254,13)
		SDCTRL(254,13)
		SDCTRL(254,13)
		SDCTRL(254,13)
		SDCTRL(255,13)
		SDCTRL(255,13)
		SDCTRL(255,13)
		SDCTRL(3,13)
		SDCTRL(255,13)
		SDCTRL(255,13)
		SDCTRL(255,13)
		SDCTRL(255,13)
		SDCTRL(255,13)
		SDCTRL(255,13)
		SDCTRL(255,13)
		SDCTRL(3,13)
		SDCTRL(255,13)
		SDCTRL(255,13)

		SDFREQ(2,16)
		SDFREQ(2,-3)
		SDFREQ(2,-2)
		SDFREQ(2,4)
		SDFREQ(2,-3)
		SDFREQ(2,-2)
		SDFREQ(2,4)

		NEWTUNE(s29_c14)
		SETSNDFREQ(s29_c14_freq)
		SETSNDCONT(s29_c14_ctrl)

		SDCTRL(0,41)

		SDFREQ(2,102)
		SDFREQ(2,-49)
		SDFREQ(2,-13)
		SDFREQ(2,62)
		SDFREQ(2,-49)
		SDFREQ(2,-13)
		SDFREQ(2,62)


		NEWTUNE(s2B_c15)
		SETSNDFREQ(s2B_c15_freq)
		SETSNDCONT(s2B_c15_ctrl)

		SDCTRL(254,13)
		SDCTRL(254,13)
		SDCTRL(254,13)
		SDCTRL(254,13)
		SDCTRL(255,13)
		SDCTRL(255,13)
		SDCTRL(255,13)
		SDCTRL(3,13)
		SDCTRL(255,13)
		SDCTRL(255,13)
		SDCTRL(255,13)
		SDCTRL(7,13)
		SDCTRL(254,13)
		SDCTRL(254,13)
		SDCTRL(254,13)
		SDCTRL(254,13)

		SDFREQ(2,22)
		SDFREQ(2,-4)
		SDFREQ(2,-2)

		NEWTUNE(s2B_c14)
		SETSNDFREQ(s2B_c14_freq)
		SETSNDCONT(s2B_c14_ctrl)

		SDCTRL(0,56)

		SDFREQ(2,16)
		SDFREQ(2,104)


		NEWTUNE(s2C_c15)
		SETSNDFREQ(s2C_c15_freq)
		SETSNDCONT(s2C_c15_ctrl)

		SDCTRL(254,13)
		SDCTRL(254,13)
		SDCTRL(254,13)
		SDCTRL(254,13)
		SDCTRL(255,13)
		SDCTRL(255,13)
		SDCTRL(255,13)
		SDCTRL(7,13)
		SDCTRL(254,13)
		SDCTRL(254,13)
		SDCTRL(254,13)
		SDCTRL(254,13)
		SDCTRL(255,13)
		SDCTRL(255,13)
		SDCTRL(255,13)
		SDCTRL(3,13)
		SDCTRL(255,13)
		SDCTRL(255,13)
		SDCTRL(255,13)
		SDCTRL(3,13)
		SDCTRL(255,13)
		SDCTRL(255,13)
		SDCTRL(255,13)
		SDCTRL(7,13)
		SDCTRL(254,13)
		SDCTRL(254,13)
		SDCTRL(254,13)
		SDCTRL(254,13)
		SDCTRL(255,13)
		SDCTRL(255,13)
		SDCTRL(255,13)
		SDCTRL(7,13)

		SDFREQ(2,16)
		SDFREQ(2,3)
		SDFREQ(2,-7)
		SDFREQ(2,7)
		SDFREQ(2,-4)
		SDFREQ(2,-2)
		SDFREQ(2,1)
		SDFREQ(2,3)

		NEWTUNE(s2C_c14)
		SETSNDFREQ(s2C_c14_freq)
		SETSNDCONT(s2C_c14_ctrl)

		SDCTRL(0,65)

		SDFREQ(2,102)
		SDFREQ(2,-77)
		SDFREQ(2,80)
		SDFREQ(2,-80)
		SDFREQ(2,77)
		SDFREQ(2,-89)
		SDFREQ(2,88)
		SDFREQ(2,-77)


		NEWTUNE(s2D_c7)
		SETSNDFREQ(s2D_c7_freq)
		SETSNDCONT(s2D_c7_ctrl)

		SDCTRL(8,112)

		SDFREQ(2,32)
		SDFREQ(31,-2)
		SDFREQ(2,23)
		SDFREQ(23,-2)
		SDFREQ(2,15)
		SDFREQ(15,-2)
		SDFREQ(2,11)
		SDFREQ(11,-2)
		SDFREQ(2,9)
		SDFREQ(9,-2)
		SDFREQ(2,8)
		SDFREQ(8,-2)
		SDFREQ(2,7)

		NEWTUNE(s2D_c15)
		SETSNDFREQ(s2D_c15_freq)
		SETSNDCONT(s2D_c15_ctrl)

		SDCTRL(254,13)
		SDCTRL(254,13)
		SDCTRL(254,13)
		SDCTRL(255,13)
		SDCTRL(255,13)
		SDCTRL(255,13)
		SDCTRL(3,13)
		SDCTRL(255,13)
		SDCTRL(255,13)
		SDCTRL(255,13)
		SDCTRL(3,13)
		SDCTRL(255,13)
		SDCTRL(255,13)
		SDCTRL(255,13)
		SDCTRL(7,13)
		SDCTRL(254,13)
		SDCTRL(254,13)
		SDCTRL(254,13)
		SDCTRL(254,13)
		SDCTRL(255,13)
		SDCTRL(255,13)
		SDCTRL(255,13)
		SDCTRL(7,13)
		SDCTRL(254,13)
		SDCTRL(254,13)
		SDCTRL(254,13)
		SDCTRL(254,13)
		SDCTRL(255,13)
		SDCTRL(255,13)
		SDCTRL(255,13)
		SDCTRL(3,13)
		SDCTRL(255,13)
		SDCTRL(255,13)
		SDCTRL(255,13)
		SDCTRL(3,13)
		SDCTRL(255,13)
		SDCTRL(255,13)
		SDCTRL(255,13)
		SDCTRL(7,13)
		SDCTRL(254,13)
		SDCTRL(254,13)
		SDCTRL(254,13)
		SDCTRL(254,13)
		SDCTRL(255,13)
		SDCTRL(255,13)
		SDCTRL(255,13)
		SDCTRL(7,13)
		SDCTRL(254,13)
		SDCTRL(254,13)
		SDCTRL(254,13)
		SDCTRL(254,13)
		SDCTRL(255,13)
		SDCTRL(255,13)
		SDCTRL(255,13)
		SDCTRL(3,13)
		SDCTRL(255,13)
		SDCTRL(255,13)
		SDCTRL(255,13)
		SDCTRL(3,13)
		SDCTRL(255,13)
		SDCTRL(255,13)
		SDCTRL(255,13)
		SDCTRL(7,13)
		SDCTRL(254,13)
		SDCTRL(254,13)
		SDCTRL(254,13)
		SDCTRL(254,13)
		SDCTRL(255,13)
		SDCTRL(255,13)
		SDCTRL(255,13)
		SDCTRL(7,13)
		SDCTRL(254,13)
		SDCTRL(254,13)
		SDCTRL(254,13)
		SDCTRL(254,13)
		SDCTRL(255,13)

		SDFREQ(2,20)
		SDFREQ(2,-4)
		SDFREQ(2,-2)
		SDFREQ(2,1)
		SDFREQ(2,3)
		SDFREQ(2,-7)
		SDFREQ(2,7)
		SDFREQ(2,-4)
		SDFREQ(2,-2)
		SDFREQ(2,1)
		SDFREQ(2,3)
		SDFREQ(2,-7)
		SDFREQ(2,7)
		SDFREQ(2,-4)
		SDFREQ(2,-2)
		SDFREQ(2,1)
		SDFREQ(2,3)
		SDFREQ(2,-7)

		NEWTUNE(s2D_c14)
		SETSNDFREQ(s2D_c14_freq)
		SETSNDCONT(s2D_c14_ctrl)

		SDCTRL(0,156)

		SDFREQ(2,25)
		SDFREQ(2,77)
		SDFREQ(2,-89)
		SDFREQ(2,88)
		SDFREQ(2,-77)
		SDFREQ(2,80)
		SDFREQ(2,-80)
		SDFREQ(2,77)
		SDFREQ(2,-89)
		SDFREQ(2,88)
		SDFREQ(2,-77)
		SDFREQ(2,80)
		SDFREQ(2,-80)
		SDFREQ(2,77)
		SDFREQ(2,-89)
		SDFREQ(2,88)
		SDFREQ(2,-77)
		SDFREQ(2,80)


		NEWTUNE(s2D_c7)
		SETSNDFREQ(s2D_c7_freq)
		SETSNDCONT(s2D_c7_ctrl)

		SDCTRL(8,112)

		SDFREQ(2,32)
		SDFREQ(31,-2)
		SDFREQ(2,23)
		SDFREQ(23,-2)
		SDFREQ(2,15)
		SDFREQ(15,-2)
		SDFREQ(2,11)
		SDFREQ(11,-2)
		SDFREQ(2,9)
		SDFREQ(9,-2)
		SDFREQ(2,8)
		SDFREQ(8,-2)
		SDFREQ(2,7)

		NEWTUNE(s2D_c15)
		SETSNDFREQ(s2D_c15_freq)
		SETSNDCONT(s2D_c15_ctrl)

		SDCTRL(255,13)
		SDCTRL(3,13)
		SDCTRL(255,13)
		SDCTRL(255,13)
		SDCTRL(255,13)
		SDCTRL(3,13)
		SDCTRL(255,13)
		SDCTRL(255,13)
		SDCTRL(255,13)
		SDCTRL(7,13)
		SDCTRL(254,13)
		SDCTRL(254,13)
		SDCTRL(254,13)
		SDCTRL(254,13)
		SDCTRL(255,13)
		SDCTRL(255,13)
		SDCTRL(255,13)
		SDCTRL(7,13)
		SDCTRL(254,13)
		SDCTRL(254,13)
		SDCTRL(254,13)
		SDCTRL(254,13)
		SDCTRL(255,13)
		SDCTRL(255,13)
		SDCTRL(255,13)
		SDCTRL(3,13)
		SDCTRL(255,13)
		SDCTRL(255,13)
		SDCTRL(255,13)
		SDCTRL(3,13)
		SDCTRL(255,13)
		SDCTRL(255,13)
		SDCTRL(255,13)
		SDCTRL(7,13)
		SDCTRL(254,13)
		SDCTRL(254,13)
		SDCTRL(254,13)
		SDCTRL(254,13)
		SDCTRL(255,13)
		SDCTRL(255,13)
		SDCTRL(255,13)
		SDCTRL(7,13)
		SDCTRL(254,13)
		SDCTRL(254,13)
		SDCTRL(254,13)
		SDCTRL(254,13)
		SDCTRL(255,13)
		SDCTRL(255,12)
		SDCTRL(255,12)
		SDCTRL(3,13)
		SDCTRL(255,12)
		SDCTRL(255,13)
		SDCTRL(255,12)
		SDCTRL(3,13)
		SDCTRL(255,13)
		SDCTRL(255,13)
		SDCTRL(255,13)
		SDCTRL(7,13)
		SDCTRL(254,13)
		SDCTRL(254,13)
		SDCTRL(254,13)
		SDCTRL(254,13)

		SDFREQ(2,16)
		SDFREQ(2,-2)
		SDFREQ(2,1)
		SDFREQ(2,3)
		SDFREQ(2,-7)
		SDFREQ(2,7)
		SDFREQ(2,-4)
		SDFREQ(2,-2)
		SDFREQ(2,1)
		SDFREQ(2,3)
		SDFREQ(2,-7)
		SDFREQ(2,7)
		SDFREQ(2,-4)
		SDFREQ(2,-2)
		SDFREQ(2,1)

		NEWTUNE(s2D_c14)
		SETSNDFREQ(s2D_c14_freq)
		SETSNDCONT(s2D_c14_ctrl)

		SDCTRL(0,210)

		SDFREQ(2,102)
		SDFREQ(2,-89)
		SDFREQ(2,88)
		SDFREQ(2,-77)
		SDFREQ(2,80)
		SDFREQ(2,-80)
		SDFREQ(2,77)
		SDFREQ(2,-89)
		SDFREQ(2,88)
		SDFREQ(2,-77)
		SDFREQ(2,80)
		SDFREQ(2,-80)
		SDFREQ(2,77)
		SDFREQ(2,-89)
		SDFREQ(2,88)


		NEWTUNE(s1A_c11)
		SETSNDFREQ(s1A_c11_freq)
		SETSNDCONT(s1A_c11_ctrl)

		SDCTRL(0,149)


		NEWTUNE(s1A_c10)
		SETSNDFREQ(s1A_c10_freq)
		SETSNDCONT(s1A_c10_ctrl)

		SDCTRL(0,149)


		NEWTUNE(s1A_c9)
		SETSNDFREQ(s1A_c9_freq)
		SETSNDCONT(s1A_c9_ctrl)

		SDCTRL(0,149)


		NEWTUNE(s1A_c8)
		SETSNDFREQ(s1A_c8_freq)
		SETSNDCONT(s1A_c8_ctrl)

		SDCTRL(0,149)


		NEWTUNE(s1A_c15)
		SETSNDFREQ(s1A_c15_freq)
		SETSNDCONT(s1A_c15_ctrl)

		SDCTRL(255,13)
		SDCTRL(255,13)
		SDCTRL(7,13)
		SDCTRL(254,13)
		SDCTRL(254,13)
		SDCTRL(254,13)
		SDCTRL(254,13)
		SDCTRL(255,13)
		SDCTRL(255,13)
		SDCTRL(255,13)
		SDCTRL(3,13)
		SDCTRL(255,13)
		SDCTRL(255,13)
		SDCTRL(255,13)
		SDCTRL(3,12)
		SDCTRL(255,13)
		SDCTRL(255,12)
		SDCTRL(255,13)
		SDCTRL(7,13)
		SDCTRL(254,13)
		SDCTRL(254,13)
		SDCTRL(254,13)
		SDCTRL(254,13)

		SDFREQ(2,13)
		SDFREQ(2,7)
		SDFREQ(2,-4)
		SDFREQ(2,-2)

		NEWTUNE(s1A_c14)
		SETSNDFREQ(s1A_c14_freq)
		SETSNDCONT(s1A_c14_ctrl)

		SDCTRL(0,114)

		SDFREQ(2,105)
		SDFREQ(2,-80)
		SDFREQ(2,77)
		SDFREQ(2,-89)


		NEWTUNE(s19_c15)
		SETSNDFREQ(s19_c15_freq)
		SETSNDCONT(s19_c15_ctrl)

		SDCTRL(255,13)
		SDCTRL(255,13)
		SDCTRL(255,13)
		SDCTRL(7,13)
		SDCTRL(254,13)
		SDCTRL(254,13)
		SDCTRL(254,13)
		SDCTRL(254,12)
		SDCTRL(255,13)
		SDCTRL(255,13)
		SDCTRL(255,13)
		SDCTRL(3,13)
		SDCTRL(255,13)
		SDCTRL(255,13)
		SDCTRL(255,13)
		SDCTRL(3,13)
		SDCTRL(255,13)
		SDCTRL(255,13)
		SDCTRL(255,13)

		SDFREQ(2,20)
		SDFREQ(2,-7)
		SDFREQ(2,7)
		SDFREQ(2,-4)

		NEWTUNE(s19_c14)
		SETSNDFREQ(s19_c14_freq)
		SETSNDCONT(s19_c14_ctrl)

		SDCTRL(0,173)

		SDFREQ(2,25)
		SDFREQ(2,80)
		SDFREQ(2,-80)
		SDFREQ(2,77)

		NEWTUNE(s19_c11)
		SETSNDFREQ(s19_c11_freq)
		SETSNDCONT(s19_c11_ctrl)

		SDCTRL(0,53)


		NEWTUNE(s19_c9)
		SETSNDFREQ(s19_c9_freq)
		SETSNDCONT(s19_c9_ctrl)

		SDCTRL(0,53)



		NEWTUNE(s17_c15)
		SETSNDFREQ(s17_c15_freq)
		SETSNDCONT(s17_c15_ctrl)

		SDCTRL(0,121)


		NEWTUNE(s17_c14)
		SETSNDFREQ(s17_c14_freq)
		SETSNDCONT(s17_c14_ctrl)

		SDCTRL(0,121)


		NEWTUNE(s17_c13)
		SETSNDFREQ(s17_c13_freq)
		SETSNDCONT(s17_c13_ctrl)

		SDCTRL(0,121)


		NEWTUNE(s17_c12)
		SETSNDFREQ(s17_c12_freq)
		SETSNDCONT(s17_c12_ctrl)

		SDCTRL(0,121)


		NEWTUNE(s17_c11)
		SETSNDFREQ(s17_c11_freq)
		SETSNDCONT(s17_c11_ctrl)

		SDCTRL(0,121)


		NEWTUNE(s17_c10)
		SETSNDFREQ(s17_c10_freq)
		SETSNDCONT(s17_c10_ctrl)

		SDCTRL(0,121)


		NEWTUNE(s17_c9)
		SETSNDFREQ(s17_c9_freq)
		SETSNDCONT(s17_c9_ctrl)

		SDCTRL(0,121)


		NEWTUNE(s17_c8)
		SETSNDFREQ(s17_c8_freq)
		SETSNDCONT(s17_c8_ctrl)

		SDCTRL(0,121)



		NEWTUNE(s2D_c7)
		SETSNDFREQ(s2D_c7_freq)
		SETSNDCONT(s2D_c7_ctrl)

		SDCTRL(8,112)

		SDFREQ(2,32)
		SDFREQ(31,-2)
		SDFREQ(2,23)
		SDFREQ(23,-2)
		SDFREQ(2,15)
		SDFREQ(15,-2)
		SDFREQ(2,11)
		SDFREQ(11,-2)
		SDFREQ(2,9)
		SDFREQ(9,-2)
		SDFREQ(2,8)
		SDFREQ(8,-2)
		SDFREQ(2,7)


		NEWTUNE(s2E_c7)
		SETSNDFREQ(s2E_c7_freq)
		SETSNDCONT(s2E_c7_ctrl)

		SDCTRL(1,1)
		SDCTRL(1,1)
		SDCTRL(1,1)
		SDCTRL(1,1)

		SDFREQ(2,64)


		NEWTUNE(s2F_c7)
		SETSNDFREQ(s2F_c7_freq)
		SETSNDCONT(s2F_c7_ctrl)

		SDCTRL(6,65)

		SDFREQ(2,0)


		NEWTUNE(s30_c7)
		SETSNDFREQ(s30_c7_freq)
		SETSNDCONT(s30_c7_ctrl)

		SDCTRL(6,65)

		SDFREQ(2,0)


		NEWTUNE(s31_c7)
		SETSNDFREQ(s31_c7_freq)
		SETSNDCONT(s31_c7_ctrl)

		SDCTRL(254,79)

		SDFREQ(2,16)
		SDFREQ(39,1)
		SDFREQ(2,76)
		SDFREQ(2,-112)


		NEWTUNE(s32_c7)
		SETSNDFREQ(s32_c7_freq)
		SETSNDCONT(s32_c7_ctrl)

		SDCTRL(8,63)

		SDFREQ(2,32)


		NEWTUNE(s33_c7)
		SETSNDFREQ(s33_c7_freq)
		SETSNDCONT(s33_c7_ctrl)

		SDCTRL(255,128)
		SDCTRL(255,32)
		SDCTRL(255,32)
		SDCTRL(255,32)
		SDCTRL(255,32)
		SDCTRL(255,32)
		SDCTRL(255,32)
		SDCTRL(255,32)
		SDCTRL(255,32)
		SDCTRL(255,32)
		SDCTRL(255,32)
		SDCTRL(255,32)
		SDCTRL(255,32)
		SDCTRL(255,32)

		SDFREQ(2,16)
		SDFREQ(71,-1)


		NEWTUNE(s34_c7)
		SETSNDFREQ(s34_c7_freq)
		SETSNDCONT(s34_c7_ctrl)

		SDCTRL(1,16)
		SDCTRL(1,16)
		SDCTRL(1,16)
		SDCTRL(1,16)
		SDCTRL(1,16)
		SDCTRL(1,16)
		SDCTRL(1,16)
		SDCTRL(1,16)
		SDCTRL(1,16)
		SDCTRL(1,16)
		SDCTRL(1,16)
		SDCTRL(1,16)
		SDCTRL(1,16)
		SDCTRL(1,16)



		NEWTUNE(s35_c7)
		SETSNDFREQ(s35_c7_freq)
		SETSNDCONT(s35_c7_ctrl)

		SDCTRL(255,15)
		SDCTRL(255,15)
		SDCTRL(255,15)
		SDCTRL(255,15)
		SDCTRL(255,15)
		SDCTRL(255,15)
		SDCTRL(255,15)
		SDCTRL(255,15)
		SDCTRL(255,15)
		SDCTRL(255,15)
		SDCTRL(255,15)
		SDCTRL(255,15)
		SDCTRL(255,15)
		SDCTRL(255,15)
		SDCTRL(255,15)
		SDCTRL(255,4)
		SDCTRL(255,4)
		SDCTRL(255,4)
		SDCTRL(255,4)
		SDCTRL(255,4)
		SDCTRL(255,4)
		SDCTRL(255,4)
		SDCTRL(255,4)
		SDCTRL(255,4)
		SDCTRL(255,4)
		SDCTRL(255,4)
		SDCTRL(255,4)
		SDCTRL(255,4)
		SDCTRL(255,4)

		SDFREQ(2,8)
		SDFREQ(2,-8)
		SDFREQ(2,120)
		SDFREQ(16,-15)
		SDFREQ(2,120)
		SDFREQ(16,-15)
		SDFREQ(2,120)
		SDFREQ(16,-15)
		SDFREQ(2,120)
		SDFREQ(16,-15)
		SDFREQ(2,120)
		SDFREQ(16,-15)
		SDFREQ(2,120)
		SDFREQ(16,-15)
		SDFREQ(2,120)
		SDFREQ(16,-15)
		SDFREQ(2,120)
		SDFREQ(16,-15)
		SDFREQ(2,120)
		SDFREQ(16,-15)
		SDFREQ(2,120)
		SDFREQ(16,-15)
		SDFREQ(2,120)
		SDFREQ(16,-15)
		SDFREQ(2,120)
		SDFREQ(16,-15)
		SDFREQ(2,120)
		SDFREQ(16,-15)
		SDFREQ(2,120)
		SDFREQ(16,-15)
		SDFREQ(2,112)
		SDFREQ(2,-88)


		NEWTUNE(s36_c7)
		SETSNDFREQ(s36_c7_freq)
		SETSNDCONT(s36_c7_ctrl)

		SDCTRL(6,9)



		NEWTUNE(s38_c7)
		SETSNDFREQ(s38_c7_freq)
		SETSNDCONT(s38_c7_ctrl)

		SDCTRL(6,9)



		NEWTUNE(s3B_c7)
		SETSNDFREQ(s3B_c7_freq)
		SETSNDCONT(s3B_c7_ctrl)

		SDCTRL(9,63)

		SDFREQ(2,16)
		SDFREQ(2,64)
		SDFREQ(2,-64)
		SDFREQ(2,64)
		SDFREQ(2,-64)
		SDFREQ(2,64)
		SDFREQ(2,-64)
		SDFREQ(2,64)
		SDFREQ(2,-64)
		SDFREQ(2,64)
		SDFREQ(2,-64)
		SDFREQ(2,64)
		SDFREQ(2,-64)
		SDFREQ(2,64)
		SDFREQ(2,-64)
		SDFREQ(2,64)
		SDFREQ(2,-64)
		SDFREQ(2,64)
		SDFREQ(2,-64)
		SDFREQ(2,64)
		SDFREQ(2,-64)
		SDFREQ(2,64)
		SDFREQ(2,-64)
		SDFREQ(2,64)
		SDFREQ(2,-64)
		SDFREQ(2,64)
		SDFREQ(2,-64)
		SDFREQ(2,64)
		SDFREQ(2,-64)
		SDFREQ(2,64)
		SDFREQ(2,-64)


		NEWTUNE(s3C_c7)
		SETSNDFREQ(s3C_c7_freq)
		SETSNDCONT(s3C_c7_ctrl)

		SDCTRL(9,63)



		NEWTUNE(s3D_c7)
		SETSNDFREQ(s3D_c7_freq)
		SETSNDCONT(s3D_c7_ctrl)

		SDCTRL(255,16)
		SDCTRL(255,16)
		SDCTRL(255,16)
		SDCTRL(255,16)
		SDCTRL(255,16)
		SDCTRL(255,16)
		SDCTRL(255,16)

		SDFREQ(2,16)

		NEWTUNE(s3D_c6)
		SETSNDFREQ(s3D_c6_freq)
		SETSNDCONT(s3D_c6_ctrl)

		SDCTRL(255,16)
		SDCTRL(255,16)
		SDCTRL(255,16)
		SDCTRL(255,16)
		SDCTRL(255,16)
		SDCTRL(255,16)
		SDCTRL(255,16)

		SDFREQ(2,16)


		NEWTUNE(s3E_c7)
		SETSNDFREQ(s3E_c7_freq)
		SETSNDCONT(s3E_c7_ctrl)

		SDCTRL(2,16)
		SDCTRL(2,16)

		SDFREQ(2,8)
		SDFREQ(2,63)
		SDFREQ(2,-65)
		SDFREQ(2,63)
		SDFREQ(2,-65)
		SDFREQ(2,63)
		SDFREQ(2,-65)


		NEWTUNE(s3F_c7)
		SETSNDFREQ(s3F_c7_freq)
		SETSNDCONT(s3F_c7_ctrl)

		SDCTRL(8,25)

		SDFREQ(3,126)
		SDFREQ(2,-65)
		SDFREQ(2,63)
		SDFREQ(2,-65)
		SDFREQ(2,63)
		SDFREQ(2,-65)
		SDFREQ(2,63)
		SDFREQ(2,-65)
		SDFREQ(2,63)
		SDFREQ(2,-65)
		SDFREQ(2,63)
		SDFREQ(2,-65)
		SDFREQ(2,63)
		SDFREQ(2,-65)
		SDFREQ(2,63)
		SDFREQ(2,-65)
		SDFREQ(2,63)
		SDFREQ(2,-65)
		SDFREQ(2,63)
		SDFREQ(2,-65)
		SDFREQ(2,63)


		NEWTUNE(s40_c7)
		SETSNDFREQ(s40_c7_freq)
		SETSNDCONT(s40_c7_ctrl)

		SDCTRL(1,8)
		SDCTRL(1,4)
		SDCTRL(1,8)
		SDCTRL(1,4)
		SDCTRL(1,8)
		SDCTRL(1,4)
		SDCTRL(1,8)
		SDCTRL(1,4)
		SDCTRL(1,8)
		SDCTRL(1,4)
		SDCTRL(1,8)
		SDCTRL(1,4)
		SDCTRL(1,8)
		SDCTRL(1,4)

		SDFREQ(2,0)
		SDFREQ(2,-1)
		SDFREQ(2,3)
		SDFREQ(2,-2)
		SDFREQ(2,4)
		SDFREQ(2,-2)
		SDFREQ(2,9)
		SDFREQ(8,-4)
		SDFREQ(2,10)
		SDFREQ(2,-3)
		SDFREQ(2,12)
		SDFREQ(8,-5)
		SDFREQ(2,11)
		SDFREQ(2,-2)
		SDFREQ(2,7)
		SDFREQ(2,-3)
		SDFREQ(2,5)
		SDFREQ(2,-1)
		SDFREQ(2,4)


		NEWTUNE(s41_c7)
		SETSNDFREQ(s41_c7_freq)
		SETSNDCONT(s41_c7_ctrl)

		SDCTRL(255,8)
		SDCTRL(255,8)
		SDCTRL(255,8)
		SDCTRL(255,8)
		SDCTRL(255,8)
		SDCTRL(1,8)
		SDCTRL(255,8)
		SDCTRL(255,8)
		SDCTRL(255,8)
		SDCTRL(255,8)
		SDCTRL(255,8)

		SDFREQ(2,2)
		SDFREQ(47,1)
		SDFREQ(2,-24)


		NEWTUNE(s42_c15)
		SETSNDFREQ(s42_c15_freq)
		SETSNDCONT(s42_c15_ctrl)

		SDCTRL(249,127)

		SDFREQ(2,48)
		SDFREQ(248,-1)
		SDFREQ(2,95)

		NEWTUNE(s42_c14)
		SETSNDFREQ(s42_c14_freq)
		SETSNDCONT(s42_c14_ctrl)

		SDCTRL(249,127)

		SDFREQ(2,48)
		SDFREQ(248,-1)
		SDFREQ(2,95)

		NEWTUNE(s42_c13)
		SETSNDFREQ(s42_c13_freq)
		SETSNDCONT(s42_c13_ctrl)

		SDCTRL(249,127)

		SDFREQ(2,96)
		SDFREQ(252,-1)
		SDFREQ(2,79)

		NEWTUNE(s42_c12)
		SETSNDFREQ(s42_c12_freq)
		SETSNDCONT(s42_c12_ctrl)

		SDCTRL(249,127)

		SDFREQ(2,96)
		SDFREQ(252,-1)
		SDFREQ(2,79)


		NEWTUNE(s43_c15)
		SETSNDFREQ(s43_c15_freq)
		SETSNDCONT(s43_c15_ctrl)

		SDCTRL(255,8)
		SDCTRL(255,8)
		SDCTRL(255,8)
		SDCTRL(255,8)
		SDCTRL(255,8)
		SDCTRL(255,8)
		SDCTRL(255,8)
		SDCTRL(255,8)
		SDCTRL(255,8)
		SDCTRL(255,8)
		SDCTRL(255,8)
		SDCTRL(11,8)
		SDCTRL(255,8)
		SDCTRL(255,8)
		SDCTRL(255,8)
		SDCTRL(255,8)
		SDCTRL(255,8)
		SDCTRL(255,8)
		SDCTRL(255,8)
		SDCTRL(255,8)
		SDCTRL(255,8)
		SDCTRL(255,8)
		SDCTRL(255,8)
		SDCTRL(11,8)
		SDCTRL(255,8)
		SDCTRL(255,8)
		SDCTRL(255,8)
		SDCTRL(255,8)
		SDCTRL(255,8)
		SDCTRL(255,8)
		SDCTRL(255,8)
		SDCTRL(255,8)
		SDCTRL(255,8)
		SDCTRL(255,8)
		SDCTRL(255,8)
		SDCTRL(11,8)
		SDCTRL(255,8)
		SDCTRL(255,8)
		SDCTRL(255,8)
		SDCTRL(255,8)
		SDCTRL(255,8)
		SDCTRL(255,8)
		SDCTRL(255,8)
		SDCTRL(255,8)
		SDCTRL(255,8)
		SDCTRL(255,8)
		SDCTRL(255,8)

		SDFREQ(2,64)
		SDFREQ(2,32)
		SDFREQ(2,-32)

		NEWTUNE(s43_c14)
		SETSNDFREQ(s43_c14_freq)
		SETSNDCONT(s43_c14_ctrl)

		SDCTRL(255,8)
		SDCTRL(255,8)
		SDCTRL(255,8)
		SDCTRL(255,8)
		SDCTRL(255,8)
		SDCTRL(255,8)
		SDCTRL(255,8)
		SDCTRL(255,8)
		SDCTRL(255,8)
		SDCTRL(255,8)
		SDCTRL(255,8)
		SDCTRL(11,8)
		SDCTRL(255,8)
		SDCTRL(255,8)
		SDCTRL(255,8)
		SDCTRL(255,8)
		SDCTRL(255,8)
		SDCTRL(255,8)
		SDCTRL(255,8)
		SDCTRL(255,8)
		SDCTRL(255,8)
		SDCTRL(255,8)
		SDCTRL(255,8)
		SDCTRL(11,8)
		SDCTRL(255,8)
		SDCTRL(255,8)
		SDCTRL(255,8)
		SDCTRL(255,8)
		SDCTRL(255,8)
		SDCTRL(255,8)
		SDCTRL(255,8)
		SDCTRL(255,8)
		SDCTRL(255,8)
		SDCTRL(255,8)
		SDCTRL(255,8)
		SDCTRL(11,8)
		SDCTRL(255,8)
		SDCTRL(255,8)
		SDCTRL(255,8)
		SDCTRL(255,8)
		SDCTRL(255,8)
		SDCTRL(255,8)
		SDCTRL(255,8)
		SDCTRL(255,8)
		SDCTRL(255,8)
		SDCTRL(255,8)
		SDCTRL(255,8)

		SDFREQ(2,64)
		SDFREQ(2,32)
		SDFREQ(2,-32)

		NEWTUNE(s43_c13)
		SETSNDFREQ(s43_c13_freq)
		SETSNDCONT(s43_c13_ctrl)

		SDCTRL(255,8)
		SDCTRL(255,8)
		SDCTRL(255,8)
		SDCTRL(255,8)
		SDCTRL(255,8)
		SDCTRL(255,8)
		SDCTRL(255,8)
		SDCTRL(255,8)
		SDCTRL(255,8)
		SDCTRL(255,8)
		SDCTRL(255,8)
		SDCTRL(11,8)
		SDCTRL(255,8)
		SDCTRL(255,8)
		SDCTRL(255,8)
		SDCTRL(255,8)
		SDCTRL(255,8)
		SDCTRL(255,8)
		SDCTRL(255,8)
		SDCTRL(255,8)
		SDCTRL(255,8)
		SDCTRL(255,8)
		SDCTRL(255,8)
		SDCTRL(11,8)
		SDCTRL(255,8)
		SDCTRL(255,8)
		SDCTRL(255,8)
		SDCTRL(255,8)
		SDCTRL(255,8)
		SDCTRL(255,8)
		SDCTRL(255,8)
		SDCTRL(255,8)
		SDCTRL(255,8)
		SDCTRL(255,8)
		SDCTRL(255,8)
		SDCTRL(11,8)
		SDCTRL(255,8)
		SDCTRL(255,8)
		SDCTRL(255,8)
		SDCTRL(255,8)
		SDCTRL(255,8)
		SDCTRL(255,8)
		SDCTRL(255,8)
		SDCTRL(255,8)
		SDCTRL(255,8)
		SDCTRL(255,8)
		SDCTRL(255,8)

		SDFREQ(2,32)
		SDFREQ(94,-1)
		SDFREQ(2,39)
		SDFREQ(94,-1)
		SDFREQ(2,39)
		SDFREQ(94,-1)
		SDFREQ(2,55)

		NEWTUNE(s43_c12)
		SETSNDFREQ(s43_c12_freq)
		SETSNDCONT(s43_c12_ctrl)

		SDCTRL(255,8)
		SDCTRL(255,8)
		SDCTRL(255,8)
		SDCTRL(255,8)
		SDCTRL(255,8)
		SDCTRL(255,8)
		SDCTRL(255,8)
		SDCTRL(255,8)
		SDCTRL(255,8)
		SDCTRL(255,8)
		SDCTRL(255,8)
		SDCTRL(11,8)
		SDCTRL(255,8)
		SDCTRL(255,8)
		SDCTRL(255,8)
		SDCTRL(255,8)
		SDCTRL(255,8)
		SDCTRL(255,8)
		SDCTRL(255,8)
		SDCTRL(255,8)
		SDCTRL(255,8)
		SDCTRL(255,8)
		SDCTRL(255,8)
		SDCTRL(11,8)
		SDCTRL(255,8)
		SDCTRL(255,8)
		SDCTRL(255,8)
		SDCTRL(255,8)
		SDCTRL(255,8)
		SDCTRL(255,8)
		SDCTRL(255,8)
		SDCTRL(255,8)
		SDCTRL(255,8)
		SDCTRL(255,8)
		SDCTRL(255,8)
		SDCTRL(11,8)
		SDCTRL(255,8)
		SDCTRL(255,8)
		SDCTRL(255,8)
		SDCTRL(255,8)
		SDCTRL(255,8)
		SDCTRL(255,8)
		SDCTRL(255,8)
		SDCTRL(255,8)
		SDCTRL(255,8)
		SDCTRL(255,8)
		SDCTRL(255,8)

		SDFREQ(2,32)
		SDFREQ(94,-1)
		SDFREQ(2,39)
		SDFREQ(94,-1)
		SDFREQ(2,39)
		SDFREQ(94,-1)
		SDFREQ(2,55)


		NEWTUNE(s44_c7)
		SETSNDFREQ(s44_c7_freq)
		SETSNDCONT(s44_c7_ctrl)

		SDCTRL(3,29)

		SDFREQ(2,127)


		NEWTUNE(s45_c15)
		SETSNDFREQ(s45_c15_freq)
		SETSNDCONT(s45_c15_ctrl)

		SDCTRL(255,16)
		SDCTRL(255,16)
		SDCTRL(255,16)
		SDCTRL(255,16)
		SDCTRL(255,16)
		SDCTRL(255,16)
		SDCTRL(255,16)
		SDCTRL(255,16)
		SDCTRL(255,16)
		SDCTRL(255,16)
		SDCTRL(1,16)
		SDCTRL(1,16)
		SDCTRL(1,16)
		SDCTRL(1,16)
		SDCTRL(1,16)
		SDCTRL(1,16)
		SDCTRL(1,16)
		SDCTRL(1,16)
		SDCTRL(1,16)
		SDCTRL(1,16)
		SDCTRL(255,16)
		SDCTRL(255,16)
		SDCTRL(255,16)
		SDCTRL(255,16)
		SDCTRL(255,16)
		SDCTRL(255,16)
		SDCTRL(255,16)
		SDCTRL(255,16)
		SDCTRL(255,16)
		SDCTRL(255,16)
		SDCTRL(1,16)
		SDCTRL(1,16)
		SDCTRL(1,16)
		SDCTRL(1,16)
		SDCTRL(1,16)
		SDCTRL(1,16)
		SDCTRL(1,16)
		SDCTRL(1,16)
		SDCTRL(1,16)

		SDFREQ(2,16)
		SDFREQ(2,80)
		SDFREQ(222,-1)
		SDFREQ(2,80)

		NEWTUNE(s45_c14)
		SETSNDFREQ(s45_c14_freq)
		SETSNDCONT(s45_c14_ctrl)

		SDCTRL(255,16)
		SDCTRL(255,16)
		SDCTRL(255,16)
		SDCTRL(255,16)
		SDCTRL(255,16)
		SDCTRL(255,16)
		SDCTRL(255,16)
		SDCTRL(255,16)
		SDCTRL(255,16)
		SDCTRL(255,16)
		SDCTRL(1,16)
		SDCTRL(1,16)
		SDCTRL(1,16)
		SDCTRL(1,16)
		SDCTRL(1,16)
		SDCTRL(1,16)
		SDCTRL(1,16)
		SDCTRL(1,16)
		SDCTRL(1,16)
		SDCTRL(1,16)
		SDCTRL(255,16)
		SDCTRL(255,16)
		SDCTRL(255,16)
		SDCTRL(255,16)
		SDCTRL(255,16)
		SDCTRL(255,16)
		SDCTRL(255,16)
		SDCTRL(255,16)
		SDCTRL(255,16)
		SDCTRL(255,16)
		SDCTRL(1,16)
		SDCTRL(1,16)
		SDCTRL(1,16)
		SDCTRL(1,16)
		SDCTRL(1,16)
		SDCTRL(1,16)
		SDCTRL(1,16)
		SDCTRL(1,16)
		SDCTRL(1,16)

		SDFREQ(2,16)
		SDFREQ(2,80)
		SDFREQ(222,-1)
		SDFREQ(2,80)

		NEWTUNE(s45_c13)
		SETSNDFREQ(s45_c13_freq)
		SETSNDCONT(s45_c13_ctrl)

		SDCTRL(255,16)
		SDCTRL(255,16)
		SDCTRL(255,16)
		SDCTRL(255,16)
		SDCTRL(255,16)
		SDCTRL(255,16)
		SDCTRL(255,16)
		SDCTRL(255,16)
		SDCTRL(255,16)
		SDCTRL(255,16)
		SDCTRL(1,16)
		SDCTRL(1,16)
		SDCTRL(1,16)
		SDCTRL(1,16)
		SDCTRL(1,16)
		SDCTRL(1,16)
		SDCTRL(1,16)
		SDCTRL(1,16)
		SDCTRL(1,16)
		SDCTRL(1,16)
		SDCTRL(255,16)
		SDCTRL(255,16)
		SDCTRL(255,16)
		SDCTRL(255,16)
		SDCTRL(255,16)
		SDCTRL(255,16)
		SDCTRL(255,16)
		SDCTRL(255,16)
		SDCTRL(255,16)
		SDCTRL(255,16)
		SDCTRL(1,16)
		SDCTRL(1,16)
		SDCTRL(1,16)
		SDCTRL(1,16)
		SDCTRL(1,16)
		SDCTRL(1,16)
		SDCTRL(1,16)
		SDCTRL(1,16)
		SDCTRL(1,16)

		SDFREQ(2,96)
		SDFREQ(222,-1)
		SDFREQ(2,80)

		NEWTUNE(s45_c12)
		SETSNDFREQ(s45_c12_freq)
		SETSNDCONT(s45_c12_ctrl)

		SDCTRL(255,16)
		SDCTRL(255,16)
		SDCTRL(255,16)
		SDCTRL(255,16)
		SDCTRL(255,16)
		SDCTRL(255,16)
		SDCTRL(255,16)
		SDCTRL(255,16)
		SDCTRL(255,16)
		SDCTRL(255,16)
		SDCTRL(1,16)
		SDCTRL(1,16)
		SDCTRL(1,16)
		SDCTRL(1,16)
		SDCTRL(1,16)
		SDCTRL(1,16)
		SDCTRL(1,16)
		SDCTRL(1,16)
		SDCTRL(1,16)
		SDCTRL(1,16)
		SDCTRL(255,16)
		SDCTRL(255,16)
		SDCTRL(255,16)
		SDCTRL(255,16)
		SDCTRL(255,16)
		SDCTRL(255,16)
		SDCTRL(255,16)
		SDCTRL(255,16)
		SDCTRL(255,16)
		SDCTRL(255,16)
		SDCTRL(1,16)
		SDCTRL(1,16)
		SDCTRL(1,16)
		SDCTRL(1,16)
		SDCTRL(1,16)
		SDCTRL(1,16)
		SDCTRL(1,16)
		SDCTRL(1,16)
		SDCTRL(1,16)

		SDFREQ(2,96)
		SDFREQ(222,-1)
		SDFREQ(2,80)


		NEWTUNE(s46_c7)
		SETSNDFREQ(s46_c7_freq)
		SETSNDCONT(s46_c7_ctrl)

		SDCTRL(15,4)



		NEWTUNE(s47_c7)
		SETSNDFREQ(s47_c7_freq)
		SETSNDCONT(s47_c7_ctrl)

		SDCTRL(1,12)
		SDCTRL(2,4)
		SDCTRL(3,4)
		SDCTRL(2,4)
		SDCTRL(2,4)
		SDCTRL(255,4)
		SDCTRL(255,4)
		SDCTRL(255,4)
		SDCTRL(255,4)
		SDCTRL(255,4)
		SDCTRL(255,4)
		SDCTRL(255,8)
		SDCTRL(255,8)
		SDCTRL(255,8)
		SDCTRL(255,12)
		SDCTRL(255,16)
		SDCTRL(1,4)
		SDCTRL(1,4)
		SDCTRL(1,4)
		SDCTRL(1,4)
		SDCTRL(1,4)
		SDCTRL(1,4)
		SDCTRL(1,4)

		SDFREQ(2,8)
		SDFREQ(28,-1)
		SDFREQ(104,1)
		SDFREQ(2,-2)
		SDFREQ(2,64)
		SDFREQ(2,-64)
		SDFREQ(2,64)
		SDFREQ(2,-64)
		SDFREQ(2,64)
		SDFREQ(2,-64)
		SDFREQ(2,64)
		SDFREQ(2,-64)
		SDFREQ(2,64)
		SDFREQ(2,-64)
		SDFREQ(2,64)
		SDFREQ(2,-64)
		SDFREQ(2,64)
		SDFREQ(2,-64)
		SDFREQ(2,64)
		SDFREQ(2,-64)
		SDFREQ(2,64)
		SDFREQ(2,-64)
		SDFREQ(2,64)
		SDFREQ(2,-64)
		SDFREQ(2,64)
		SDFREQ(2,-64)
		SDFREQ(2,64)
		SDFREQ(2,-64)
		SDFREQ(2,64)
		SDFREQ(2,-64)
		SDFREQ(2,64)
		SDFREQ(2,-64)
		SDFREQ(2,64)
		SDFREQ(2,-64)


		NEWTUNE(s48_c7)
		SETSNDFREQ(s48_c7_freq)
		SETSNDCONT(s48_c7_ctrl)

		SDCTRL(255,4)
		SDCTRL(255,4)
		SDCTRL(255,4)
		SDCTRL(255,4)
		SDCTRL(255,4)
		SDCTRL(255,4)
		SDCTRL(255,4)
		SDCTRL(255,4)
		SDCTRL(255,4)
		SDCTRL(255,4)
		SDCTRL(255,4)
		SDCTRL(255,4)
		SDCTRL(255,4)
		SDCTRL(255,4)

		SDFREQ(2,40)
		SDFREQ(2,64)
		SDFREQ(2,-64)
		SDFREQ(2,64)
		SDFREQ(2,-64)
		SDFREQ(2,64)
		SDFREQ(2,-64)
		SDFREQ(2,64)
		SDFREQ(2,-64)
		SDFREQ(2,64)
		SDFREQ(2,-64)
		SDFREQ(2,64)
		SDFREQ(2,-64)
		SDFREQ(2,64)

		NEWTUNE(s48_c6)
		SETSNDFREQ(s48_c6_freq)
		SETSNDCONT(s48_c6_ctrl)

		SDCTRL(255,4)
		SDCTRL(255,4)
		SDCTRL(255,4)

		SDFREQ(2,40)
		SDFREQ(2,64)
		SDFREQ(2,-64)
		SDFREQ(2,64)
		SDFREQ(2,-64)
		SDFREQ(2,64)
		SDFREQ(2,-64)
		SDFREQ(2,64)
		SDFREQ(2,-64)
		SDFREQ(2,64)
		SDFREQ(2,-64)
		SDFREQ(2,64)
		SDFREQ(2,-64)
		SDFREQ(2,64)


		NEWTUNE(s49_c7)
		SETSNDFREQ(s49_c7_freq)
		SETSNDCONT(s49_c7_ctrl)

		SDCTRL(255,2)
		SDCTRL(255,2)
		SDCTRL(255,2)
		SDCTRL(255,2)
		SDCTRL(255,2)
		SDCTRL(255,2)
		SDCTRL(255,2)
		SDCTRL(7,2)
		SDCTRL(255,2)
		SDCTRL(255,2)
		SDCTRL(255,2)
		SDCTRL(255,2)
		SDCTRL(255,2)
		SDCTRL(255,2)
		SDCTRL(255,2)
		SDCTRL(7,2)
		SDCTRL(255,2)
		SDCTRL(255,2)
		SDCTRL(255,2)
		SDCTRL(255,2)
		SDCTRL(255,2)
		SDCTRL(255,2)
		SDCTRL(255,2)
		SDCTRL(7,2)
		SDCTRL(255,2)
		SDCTRL(255,2)
		SDCTRL(255,2)
		SDCTRL(255,2)
		SDCTRL(255,2)
		SDCTRL(255,2)
		SDCTRL(255,2)
		SDCTRL(7,2)
		SDCTRL(255,2)
		SDCTRL(255,2)
		SDCTRL(255,2)
		SDCTRL(255,2)
		SDCTRL(255,2)
		SDCTRL(255,2)
		SDCTRL(255,2)
		SDCTRL(7,2)
		SDCTRL(255,2)
		SDCTRL(255,2)
		SDCTRL(255,2)
		SDCTRL(255,2)
		SDCTRL(255,2)
		SDCTRL(255,2)
		SDCTRL(255,2)
		SDCTRL(7,2)
		SDCTRL(255,2)
		SDCTRL(255,2)
		SDCTRL(255,2)
		SDCTRL(255,2)
		SDCTRL(255,2)
		SDCTRL(255,2)
		SDCTRL(255,2)
		SDCTRL(7,2)
		SDCTRL(255,2)
		SDCTRL(255,2)
		SDCTRL(255,2)
		SDCTRL(255,2)
		SDCTRL(255,2)
		SDCTRL(255,2)
		SDCTRL(255,2)
		SDCTRL(7,2)
		SDCTRL(255,2)
		SDCTRL(255,2)
		SDCTRL(255,2)
		SDCTRL(255,2)
		SDCTRL(255,2)
		SDCTRL(255,2)
		SDCTRL(255,2)
		SDCTRL(7,2)
		SDCTRL(255,2)
		SDCTRL(255,2)
		SDCTRL(255,2)
		SDCTRL(255,2)
		SDCTRL(255,2)
		SDCTRL(255,2)
		SDCTRL(255,2)
		SDCTRL(7,2)
		SDCTRL(255,2)
		SDCTRL(255,2)
		SDCTRL(255,2)
		SDCTRL(255,2)
		SDCTRL(255,2)
		SDCTRL(255,2)
		SDCTRL(255,2)
		SDCTRL(7,2)
		SDCTRL(255,2)
		SDCTRL(255,2)
		SDCTRL(255,2)
		SDCTRL(255,2)
		SDCTRL(255,2)
		SDCTRL(255,2)
		SDCTRL(255,2)
		SDCTRL(7,2)
		SDCTRL(255,2)
		SDCTRL(255,2)
		SDCTRL(255,2)
		SDCTRL(255,2)
		SDCTRL(255,2)
		SDCTRL(255,2)
		SDCTRL(255,2)
		SDCTRL(7,2)
		SDCTRL(255,2)
		SDCTRL(255,2)
		SDCTRL(255,2)
		SDCTRL(255,2)
		SDCTRL(255,2)
		SDCTRL(255,2)
		SDCTRL(255,2)
		SDCTRL(7,2)
		SDCTRL(255,2)
		SDCTRL(255,2)
		SDCTRL(255,2)
		SDCTRL(255,2)
		SDCTRL(255,2)
		SDCTRL(255,2)
		SDCTRL(255,2)
		SDCTRL(7,2)
		SDCTRL(255,2)
		SDCTRL(255,2)
		SDCTRL(255,2)
		SDCTRL(255,2)
		SDCTRL(255,2)
		SDCTRL(255,2)
		SDCTRL(255,2)

		SDFREQ(2,63)
		SDFREQ(2,-32)
		SDFREQ(2,32)
		SDFREQ(2,-48)
		SDFREQ(2,8)
		SDFREQ(2,-8)
		SDFREQ(2,16)
		SDFREQ(2,-28)
		SDFREQ(2,8)
		SDFREQ(2,-4)


		NEWTUNE(s4A_c7)
		SETSNDFREQ(s4A_c7_freq)
		SETSNDCONT(s4A_c7_ctrl)

		SDCTRL(1,2)
		SDCTRL(1,2)
		SDCTRL(1,2)
		SDCTRL(1,2)
		SDCTRL(1,2)
		SDCTRL(1,2)
		SDCTRL(250,2)
		SDCTRL(1,2)
		SDCTRL(1,2)
		SDCTRL(1,2)
		SDCTRL(1,2)
		SDCTRL(1,2)
		SDCTRL(1,2)
		SDCTRL(250,2)
		SDCTRL(1,2)
		SDCTRL(1,2)
		SDCTRL(1,2)
		SDCTRL(1,2)
		SDCTRL(1,2)
		SDCTRL(1,2)
		SDCTRL(250,2)
		SDCTRL(1,2)
		SDCTRL(1,2)
		SDCTRL(1,2)
		SDCTRL(1,2)
		SDCTRL(1,2)
		SDCTRL(1,2)
		SDCTRL(250,2)
		SDCTRL(1,2)
		SDCTRL(1,2)
		SDCTRL(1,2)
		SDCTRL(1,2)
		SDCTRL(1,2)
		SDCTRL(1,2)
		SDCTRL(250,2)
		SDCTRL(1,2)
		SDCTRL(1,2)
		SDCTRL(1,2)
		SDCTRL(1,2)
		SDCTRL(1,2)
		SDCTRL(1,2)
		SDCTRL(250,2)
		SDCTRL(1,2)
		SDCTRL(1,2)
		SDCTRL(1,2)
		SDCTRL(1,2)
		SDCTRL(1,2)
		SDCTRL(1,2)
		SDCTRL(250,2)
		SDCTRL(1,2)
		SDCTRL(1,2)
		SDCTRL(1,2)
		SDCTRL(1,2)
		SDCTRL(1,2)
		SDCTRL(1,2)
		SDCTRL(250,2)
		SDCTRL(1,2)
		SDCTRL(1,2)
		SDCTRL(1,2)
		SDCTRL(1,2)
		SDCTRL(1,2)
		SDCTRL(1,2)
		SDCTRL(250,2)
		SDCTRL(1,2)
		SDCTRL(1,2)
		SDCTRL(1,2)
		SDCTRL(1,2)
		SDCTRL(1,2)
		SDCTRL(1,2)
		SDCTRL(250,2)
		SDCTRL(1,2)
		SDCTRL(1,2)
		SDCTRL(1,2)
		SDCTRL(1,2)
		SDCTRL(1,2)
		SDCTRL(1,2)
		SDCTRL(250,2)
		SDCTRL(1,2)
		SDCTRL(1,2)
		SDCTRL(1,2)
		SDCTRL(1,2)
		SDCTRL(1,2)
		SDCTRL(1,2)
		SDCTRL(250,2)
		SDCTRL(1,2)
		SDCTRL(1,2)
		SDCTRL(1,2)
		SDCTRL(1,2)
		SDCTRL(1,2)
		SDCTRL(1,2)
		SDCTRL(250,2)
		SDCTRL(1,2)
		SDCTRL(1,2)
		SDCTRL(1,2)
		SDCTRL(1,2)
		SDCTRL(1,2)
		SDCTRL(1,2)
		SDCTRL(250,2)
		SDCTRL(1,2)
		SDCTRL(1,2)
		SDCTRL(1,2)
		SDCTRL(1,2)
		SDCTRL(1,2)
		SDCTRL(1,2)
		SDCTRL(250,2)
		SDCTRL(1,2)
		SDCTRL(1,2)
		SDCTRL(1,2)
		SDCTRL(1,2)
		SDCTRL(1,2)
		SDCTRL(1,2)
		SDCTRL(250,2)
		SDCTRL(1,2)
		SDCTRL(1,2)
		SDCTRL(1,2)
		SDCTRL(1,2)
		SDCTRL(1,2)
		SDCTRL(1,2)
		SDCTRL(250,2)
		SDCTRL(1,2)
		SDCTRL(1,2)
		SDCTRL(1,2)
		SDCTRL(1,2)
		SDCTRL(1,2)
		SDCTRL(1,2)
		SDCTRL(250,2)
		SDCTRL(1,2)
		SDCTRL(1,2)
		SDCTRL(1,2)
		SDCTRL(1,2)
		SDCTRL(1,2)
		SDCTRL(1,2)
		SDCTRL(250,2)
		SDCTRL(1,2)
		SDCTRL(1,2)
		SDCTRL(1,2)
		SDCTRL(1,2)
		SDCTRL(1,2)
		SDCTRL(1,2)
		SDCTRL(250,2)
		SDCTRL(1,2)
		SDCTRL(1,2)
		SDCTRL(1,2)
		SDCTRL(1,2)
		SDCTRL(1,2)
		SDCTRL(1,2)
		SDCTRL(250,2)
		SDCTRL(1,2)
		SDCTRL(1,2)
		SDCTRL(1,2)
		SDCTRL(1,2)
		SDCTRL(1,2)
		SDCTRL(1,2)
		SDCTRL(250,2)
		SDCTRL(1,2)
		SDCTRL(1,2)
		SDCTRL(1,2)
		SDCTRL(1,2)
		SDCTRL(1,2)
		SDCTRL(1,2)
		SDCTRL(250,2)
		SDCTRL(1,2)
		SDCTRL(1,2)
		SDCTRL(1,2)
		SDCTRL(1,2)
		SDCTRL(1,2)
		SDCTRL(1,2)
		SDCTRL(250,2)
		SDCTRL(1,2)
		SDCTRL(1,2)
		SDCTRL(1,2)
		SDCTRL(1,2)
		SDCTRL(1,2)
		SDCTRL(1,2)
		SDCTRL(250,2)
		SDCTRL(1,2)
		SDCTRL(1,2)
		SDCTRL(1,2)
		SDCTRL(1,2)
		SDCTRL(1,2)
		SDCTRL(1,2)
		SDCTRL(250,2)
		SDCTRL(1,2)
		SDCTRL(1,2)
		SDCTRL(1,2)
		SDCTRL(1,2)
		SDCTRL(1,2)
		SDCTRL(1,2)
		SDCTRL(250,2)
		SDCTRL(1,2)
		SDCTRL(1,2)
		SDCTRL(1,2)
		SDCTRL(1,2)
		SDCTRL(1,2)
		SDCTRL(1,2)
		SDCTRL(250,2)
		SDCTRL(1,2)
		SDCTRL(1,2)
		SDCTRL(1,2)
		SDCTRL(1,2)
		SDCTRL(1,2)
		SDCTRL(1,2)
		SDCTRL(250,2)
		SDCTRL(1,2)
		SDCTRL(1,2)
		SDCTRL(1,2)
		SDCTRL(1,2)
		SDCTRL(1,2)
		SDCTRL(1,2)
		SDCTRL(250,2)
		SDCTRL(1,2)
		SDCTRL(1,2)
		SDCTRL(1,2)
		SDCTRL(1,2)
		SDCTRL(1,2)
		SDCTRL(1,2)
		SDCTRL(250,2)
		SDCTRL(1,2)
		SDCTRL(1,2)
		SDCTRL(1,2)
		SDCTRL(1,2)
		SDCTRL(1,2)
		SDCTRL(1,2)
		SDCTRL(250,2)
		SDCTRL(1,2)
		SDCTRL(1,2)
		SDCTRL(1,2)
		SDCTRL(1,2)
		SDCTRL(1,2)
		SDCTRL(1,2)
		SDCTRL(250,2)
		SDCTRL(1,2)
		SDCTRL(1,2)
		SDCTRL(1,2)
		SDCTRL(1,2)
		SDCTRL(1,2)
		SDCTRL(1,2)
		SDCTRL(250,2)
		SDCTRL(1,2)
		SDCTRL(1,2)
		SDCTRL(1,2)
		SDCTRL(1,2)
		SDCTRL(1,2)
		SDCTRL(1,2)
		SDCTRL(250,2)
		SDCTRL(1,2)
		SDCTRL(1,2)
		SDCTRL(1,2)
		SDCTRL(1,2)
		SDCTRL(1,2)
		SDCTRL(1,2)
		SDCTRL(250,2)
		SDCTRL(1,2)
		SDCTRL(1,2)
		SDCTRL(1,2)
		SDCTRL(1,2)
		SDCTRL(1,2)
		SDCTRL(1,2)
		SDCTRL(250,2)
		SDCTRL(1,2)
		SDCTRL(1,2)
		SDCTRL(1,2)
		SDCTRL(1,2)
		SDCTRL(1,2)
		SDCTRL(1,2)
		SDCTRL(250,2)
		SDCTRL(1,2)
		SDCTRL(1,2)
		SDCTRL(1,2)
		SDCTRL(1,2)
		SDCTRL(1,2)
		SDCTRL(1,2)
		SDCTRL(250,2)
		SDCTRL(1,2)
		SDCTRL(1,2)
		SDCTRL(1,2)
		SDCTRL(1,2)
		SDCTRL(1,2)
		SDCTRL(1,2)
		SDCTRL(250,2)
		SDCTRL(1,2)
		SDCTRL(1,2)
		SDCTRL(1,2)
		SDCTRL(1,2)
		SDCTRL(1,2)
		SDCTRL(1,2)
		SDCTRL(250,2)
		SDCTRL(1,2)
		SDCTRL(1,2)
		SDCTRL(1,2)
		SDCTRL(1,2)
		SDCTRL(1,2)
		SDCTRL(1,2)
		SDCTRL(250,2)
		SDCTRL(1,2)
		SDCTRL(1,2)
		SDCTRL(1,2)
		SDCTRL(1,2)
		SDCTRL(1,2)
		SDCTRL(1,2)
		SDCTRL(250,2)
		SDCTRL(1,2)
		SDCTRL(1,2)
		SDCTRL(1,2)
		SDCTRL(1,2)
		SDCTRL(1,2)
		SDCTRL(1,2)
		SDCTRL(250,2)
		SDCTRL(1,2)
		SDCTRL(1,2)
		SDCTRL(1,2)
		SDCTRL(1,2)
		SDCTRL(1,2)
		SDCTRL(1,2)
		SDCTRL(250,2)
		SDCTRL(1,2)
		SDCTRL(1,2)
		SDCTRL(1,2)
		SDCTRL(1,2)
		SDCTRL(1,2)
		SDCTRL(1,2)
		SDCTRL(250,2)
		SDCTRL(1,2)
		SDCTRL(1,2)
		SDCTRL(1,2)
		SDCTRL(1,2)
		SDCTRL(1,2)
		SDCTRL(1,2)
		SDCTRL(250,2)
		SDCTRL(1,2)
		SDCTRL(1,2)
		SDCTRL(1,2)
		SDCTRL(1,2)
		SDCTRL(1,2)
		SDCTRL(1,2)
		SDCTRL(250,2)
		SDCTRL(1,2)
		SDCTRL(1,2)
		SDCTRL(1,2)
		SDCTRL(1,2)
		SDCTRL(1,2)
		SDCTRL(1,2)
		SDCTRL(250,2)
		SDCTRL(1,2)
		SDCTRL(1,2)
		SDCTRL(1,2)
		SDCTRL(1,2)
		SDCTRL(1,2)
		SDCTRL(1,2)
		SDCTRL(250,2)
		SDCTRL(1,2)
		SDCTRL(1,2)
		SDCTRL(1,2)
		SDCTRL(1,2)
		SDCTRL(1,2)
		SDCTRL(1,2)
		SDCTRL(250,2)
		SDCTRL(1,2)
		SDCTRL(1,2)
		SDCTRL(1,2)
		SDCTRL(1,2)
		SDCTRL(1,2)
		SDCTRL(1,2)
		SDCTRL(250,2)
		SDCTRL(1,2)
		SDCTRL(1,2)
		SDCTRL(1,2)
		SDCTRL(1,2)
		SDCTRL(1,2)
		SDCTRL(1,2)
		SDCTRL(250,2)
		SDCTRL(1,2)
		SDCTRL(1,2)
		SDCTRL(1,2)
		SDCTRL(1,2)
		SDCTRL(1,2)
		SDCTRL(1,2)
		SDCTRL(250,2)
		SDCTRL(1,2)
		SDCTRL(1,2)
		SDCTRL(1,2)
		SDCTRL(1,2)
		SDCTRL(1,2)
		SDCTRL(1,2)
		SDCTRL(250,2)
		SDCTRL(1,2)
		SDCTRL(1,2)
		SDCTRL(1,2)
		SDCTRL(1,2)
		SDCTRL(1,2)
		SDCTRL(1,2)
		SDCTRL(250,2)
		SDCTRL(1,2)
		SDCTRL(1,2)
		SDCTRL(1,2)
		SDCTRL(1,2)
		SDCTRL(1,2)
		SDCTRL(1,2)
		SDCTRL(250,2)
		SDCTRL(1,2)
		SDCTRL(1,2)
		SDCTRL(1,2)
		SDCTRL(1,2)
		SDCTRL(1,2)
		SDCTRL(1,2)
		SDCTRL(250,2)
		SDCTRL(1,2)
		SDCTRL(1,2)
		SDCTRL(1,2)
		SDCTRL(1,2)
		SDCTRL(1,2)
		SDCTRL(1,2)
		SDCTRL(250,2)
		SDCTRL(1,2)
		SDCTRL(1,2)
		SDCTRL(1,2)
		SDCTRL(1,2)
		SDCTRL(1,2)
		SDCTRL(1,2)
		SDCTRL(250,2)
		SDCTRL(1,2)
		SDCTRL(1,2)
		SDCTRL(1,2)
		SDCTRL(1,2)
		SDCTRL(1,2)
		SDCTRL(1,2)

		SDFREQ(2,113)
		SDFREQ(2,10)
		SDFREQ(2,-4)
		SDFREQ(2,-2)
		SDFREQ(2,-10)
		SDFREQ(2,-6)
		SDFREQ(2,4)
		SDFREQ(2,-2)
		SDFREQ(2,4)
		SDFREQ(2,-14)
		SDFREQ(2,4)
		SDFREQ(2,2)
		SDFREQ(2,-2)
		SDFREQ(2,-8)
		SDFREQ(2,2)
		SDFREQ(28,-8)
		SDFREQ(2,-6)
		SDFREQ(2,6)
		SDFREQ(2,-6)
		SDFREQ(2,2)
		SDFREQ(2,-2)
		SDFREQ(2,-16)
		SDFREQ(2,-2)
		SDFREQ(2,2)
		SDFREQ(2,-6)
		SDFREQ(2,10)
		SDFREQ(2,-4)
		SDFREQ(2,-2)
		SDFREQ(2,-6)
		SDFREQ(2,-8)
		SDFREQ(2,-2)
		SDFREQ(2,4)
		SDFREQ(2,-8)
		SDFREQ(2,6)
		SDFREQ(2,-6)
		SDFREQ(2,2)
		SDFREQ(2,-16)
		SDFREQ(2,8)
		SDFREQ(2,-6)
		SDFREQ(2,4)
		SDFREQ(2,-10)
		SDFREQ(2,-6)
		SDFREQ(2,4)
		SDFREQ(2,6)
		SDFREQ(2,-12)
		SDFREQ(2,6)
		SDFREQ(2,-12)
		SDFREQ(2,-2)
		SDFREQ(2,2)
		SDFREQ(2,4)
		SDFREQ(2,-2)
		SDFREQ(2,114)

		NEWTUNE(s4A_c6)
		SETSNDFREQ(s4A_c6_freq)
		SETSNDCONT(s4A_c6_ctrl)

		SDCTRL(255,2)
		SDCTRL(255,2)
		SDCTRL(255,2)
		SDCTRL(255,2)
		SDCTRL(255,2)
		SDCTRL(255,2)
		SDCTRL(6,2)
		SDCTRL(255,2)
		SDCTRL(255,2)
		SDCTRL(255,2)
		SDCTRL(255,2)
		SDCTRL(255,2)
		SDCTRL(255,2)
		SDCTRL(6,2)
		SDCTRL(255,2)
		SDCTRL(255,2)
		SDCTRL(255,2)
		SDCTRL(255,2)
		SDCTRL(255,2)
		SDCTRL(255,2)
		SDCTRL(6,2)
		SDCTRL(255,2)
		SDCTRL(255,2)
		SDCTRL(255,2)
		SDCTRL(255,2)
		SDCTRL(255,2)
		SDCTRL(255,2)
		SDCTRL(6,2)
		SDCTRL(255,2)
		SDCTRL(255,2)
		SDCTRL(255,2)
		SDCTRL(255,2)
		SDCTRL(255,2)
		SDCTRL(255,2)
		SDCTRL(6,2)
		SDCTRL(255,2)
		SDCTRL(255,2)
		SDCTRL(255,2)
		SDCTRL(255,2)
		SDCTRL(255,2)
		SDCTRL(255,2)
		SDCTRL(6,2)
		SDCTRL(255,2)
		SDCTRL(255,2)
		SDCTRL(255,2)
		SDCTRL(255,2)
		SDCTRL(255,2)
		SDCTRL(255,2)
		SDCTRL(6,2)
		SDCTRL(255,2)
		SDCTRL(255,2)
		SDCTRL(255,2)
		SDCTRL(255,2)
		SDCTRL(255,2)
		SDCTRL(255,2)
		SDCTRL(6,2)
		SDCTRL(255,2)
		SDCTRL(255,2)
		SDCTRL(255,2)
		SDCTRL(255,2)
		SDCTRL(255,2)
		SDCTRL(255,2)
		SDCTRL(6,2)
		SDCTRL(255,2)
		SDCTRL(255,2)
		SDCTRL(255,2)
		SDCTRL(255,2)
		SDCTRL(255,2)
		SDCTRL(255,2)
		SDCTRL(6,2)
		SDCTRL(255,2)
		SDCTRL(255,2)
		SDCTRL(255,2)
		SDCTRL(255,2)
		SDCTRL(255,2)
		SDCTRL(255,2)
		SDCTRL(6,2)
		SDCTRL(255,2)
		SDCTRL(255,2)
		SDCTRL(255,2)
		SDCTRL(255,2)
		SDCTRL(255,2)
		SDCTRL(255,2)
		SDCTRL(6,2)
		SDCTRL(255,2)
		SDCTRL(255,2)
		SDCTRL(255,2)
		SDCTRL(255,2)
		SDCTRL(255,2)
		SDCTRL(255,2)
		SDCTRL(6,2)
		SDCTRL(255,2)
		SDCTRL(255,2)
		SDCTRL(255,2)
		SDCTRL(255,2)
		SDCTRL(255,2)
		SDCTRL(255,2)
		SDCTRL(6,2)
		SDCTRL(255,2)
		SDCTRL(255,2)
		SDCTRL(255,2)
		SDCTRL(255,2)
		SDCTRL(255,2)
		SDCTRL(255,2)
		SDCTRL(6,2)
		SDCTRL(255,2)
		SDCTRL(255,2)
		SDCTRL(255,2)
		SDCTRL(255,2)
		SDCTRL(255,2)
		SDCTRL(255,2)
		SDCTRL(6,2)
		SDCTRL(255,2)
		SDCTRL(255,2)
		SDCTRL(255,2)
		SDCTRL(255,2)
		SDCTRL(255,2)
		SDCTRL(255,2)
		SDCTRL(6,2)
		SDCTRL(255,2)
		SDCTRL(255,2)
		SDCTRL(255,2)
		SDCTRL(255,2)
		SDCTRL(255,2)
		SDCTRL(255,2)
		SDCTRL(6,2)
		SDCTRL(255,2)
		SDCTRL(255,2)
		SDCTRL(255,2)
		SDCTRL(255,2)
		SDCTRL(255,2)
		SDCTRL(255,2)
		SDCTRL(6,2)
		SDCTRL(255,2)
		SDCTRL(255,2)
		SDCTRL(255,2)
		SDCTRL(255,2)
		SDCTRL(255,2)
		SDCTRL(255,2)
		SDCTRL(6,2)
		SDCTRL(255,2)
		SDCTRL(255,2)
		SDCTRL(255,2)
		SDCTRL(255,2)
		SDCTRL(255,2)
		SDCTRL(255,2)
		SDCTRL(6,2)
		SDCTRL(255,2)
		SDCTRL(255,2)
		SDCTRL(255,2)
		SDCTRL(255,2)
		SDCTRL(255,2)
		SDCTRL(255,2)
		SDCTRL(6,2)
		SDCTRL(255,2)
		SDCTRL(255,2)
		SDCTRL(255,2)
		SDCTRL(255,2)
		SDCTRL(255,2)
		SDCTRL(255,2)
		SDCTRL(6,2)
		SDCTRL(255,2)
		SDCTRL(255,2)
		SDCTRL(255,2)
		SDCTRL(255,2)
		SDCTRL(255,2)
		SDCTRL(255,2)
		SDCTRL(6,2)
		SDCTRL(255,2)
		SDCTRL(255,2)
		SDCTRL(255,2)
		SDCTRL(255,2)
		SDCTRL(255,2)
		SDCTRL(255,2)
		SDCTRL(6,2)
		SDCTRL(255,2)
		SDCTRL(255,2)
		SDCTRL(255,2)
		SDCTRL(255,2)
		SDCTRL(255,2)
		SDCTRL(255,2)
		SDCTRL(6,2)
		SDCTRL(255,2)
		SDCTRL(255,2)
		SDCTRL(255,2)
		SDCTRL(255,2)
		SDCTRL(255,2)
		SDCTRL(255,2)
		SDCTRL(6,2)
		SDCTRL(255,2)
		SDCTRL(255,2)
		SDCTRL(255,2)
		SDCTRL(255,2)
		SDCTRL(255,2)
		SDCTRL(255,2)
		SDCTRL(6,2)
		SDCTRL(255,2)
		SDCTRL(255,2)
		SDCTRL(255,2)
		SDCTRL(255,2)
		SDCTRL(255,2)
		SDCTRL(255,2)
		SDCTRL(6,2)
		SDCTRL(255,2)
		SDCTRL(255,2)
		SDCTRL(255,2)
		SDCTRL(255,2)
		SDCTRL(255,2)
		SDCTRL(255,2)
		SDCTRL(6,2)
		SDCTRL(255,2)
		SDCTRL(255,2)
		SDCTRL(255,2)
		SDCTRL(255,2)
		SDCTRL(255,2)
		SDCTRL(255,2)
		SDCTRL(6,2)
		SDCTRL(255,2)
		SDCTRL(255,2)
		SDCTRL(255,2)
		SDCTRL(255,2)
		SDCTRL(255,2)
		SDCTRL(255,2)
		SDCTRL(6,2)
		SDCTRL(255,2)
		SDCTRL(255,2)
		SDCTRL(255,2)
		SDCTRL(255,2)
		SDCTRL(255,2)
		SDCTRL(255,2)
		SDCTRL(6,2)
		SDCTRL(255,2)
		SDCTRL(255,2)
		SDCTRL(255,2)
		SDCTRL(255,2)
		SDCTRL(255,2)
		SDCTRL(255,2)
		SDCTRL(6,2)
		SDCTRL(255,2)
		SDCTRL(255,2)
		SDCTRL(255,2)
		SDCTRL(255,2)
		SDCTRL(255,2)
		SDCTRL(255,2)
		SDCTRL(6,2)
		SDCTRL(255,2)
		SDCTRL(255,2)
		SDCTRL(255,2)
		SDCTRL(255,2)
		SDCTRL(255,2)
		SDCTRL(255,2)
		SDCTRL(6,2)
		SDCTRL(255,2)
		SDCTRL(255,2)
		SDCTRL(255,2)
		SDCTRL(255,2)
		SDCTRL(255,2)
		SDCTRL(255,2)
		SDCTRL(6,2)
		SDCTRL(255,2)
		SDCTRL(255,2)
		SDCTRL(255,2)
		SDCTRL(255,2)
		SDCTRL(255,2)
		SDCTRL(255,2)
		SDCTRL(6,2)
		SDCTRL(255,2)
		SDCTRL(255,2)
		SDCTRL(255,2)
		SDCTRL(255,2)
		SDCTRL(255,2)
		SDCTRL(255,2)
		SDCTRL(6,2)
		SDCTRL(255,2)
		SDCTRL(255,2)
		SDCTRL(255,2)
		SDCTRL(255,2)
		SDCTRL(255,2)
		SDCTRL(255,2)
		SDCTRL(6,2)
		SDCTRL(255,2)
		SDCTRL(255,2)
		SDCTRL(255,2)
		SDCTRL(255,2)
		SDCTRL(255,2)
		SDCTRL(255,2)
		SDCTRL(6,2)
		SDCTRL(255,2)
		SDCTRL(255,2)
		SDCTRL(255,2)
		SDCTRL(255,2)
		SDCTRL(255,2)
		SDCTRL(255,2)
		SDCTRL(6,2)
		SDCTRL(255,2)
		SDCTRL(255,2)
		SDCTRL(255,2)
		SDCTRL(255,2)
		SDCTRL(255,2)
		SDCTRL(255,2)
		SDCTRL(6,2)
		SDCTRL(255,2)
		SDCTRL(255,2)
		SDCTRL(255,2)
		SDCTRL(255,2)
		SDCTRL(255,2)
		SDCTRL(255,2)
		SDCTRL(6,2)
		SDCTRL(255,2)
		SDCTRL(255,2)
		SDCTRL(255,2)
		SDCTRL(255,2)
		SDCTRL(255,2)
		SDCTRL(255,2)
		SDCTRL(6,2)
		SDCTRL(255,2)
		SDCTRL(255,2)
		SDCTRL(255,2)
		SDCTRL(255,2)
		SDCTRL(255,2)
		SDCTRL(255,2)
		SDCTRL(6,2)
		SDCTRL(255,2)
		SDCTRL(255,2)
		SDCTRL(255,2)
		SDCTRL(255,2)
		SDCTRL(255,2)
		SDCTRL(255,2)
		SDCTRL(6,2)
		SDCTRL(255,2)
		SDCTRL(255,2)
		SDCTRL(255,2)
		SDCTRL(255,2)
		SDCTRL(255,2)
		SDCTRL(255,2)
		SDCTRL(6,2)
		SDCTRL(255,2)
		SDCTRL(255,2)
		SDCTRL(255,2)
		SDCTRL(255,2)
		SDCTRL(255,2)
		SDCTRL(255,2)
		SDCTRL(6,2)
		SDCTRL(255,2)
		SDCTRL(255,2)
		SDCTRL(255,2)
		SDCTRL(255,2)
		SDCTRL(255,2)
		SDCTRL(255,2)
		SDCTRL(6,2)
		SDCTRL(255,2)
		SDCTRL(255,2)
		SDCTRL(255,2)
		SDCTRL(255,2)
		SDCTRL(255,2)
		SDCTRL(255,2)
		SDCTRL(6,2)
		SDCTRL(255,2)
		SDCTRL(255,2)
		SDCTRL(255,2)
		SDCTRL(255,2)
		SDCTRL(255,2)
		SDCTRL(255,2)
		SDCTRL(6,2)
		SDCTRL(255,2)
		SDCTRL(255,2)
		SDCTRL(255,2)
		SDCTRL(255,2)
		SDCTRL(255,2)
		SDCTRL(255,2)
		SDCTRL(6,2)
		SDCTRL(255,2)
		SDCTRL(255,2)
		SDCTRL(255,2)
		SDCTRL(255,2)
		SDCTRL(255,2)
		SDCTRL(255,2)
		SDCTRL(6,2)
		SDCTRL(255,2)
		SDCTRL(255,2)
		SDCTRL(255,2)
		SDCTRL(255,2)
		SDCTRL(255,2)
		SDCTRL(255,2)
		SDCTRL(6,2)
		SDCTRL(255,2)
		SDCTRL(255,2)
		SDCTRL(255,2)
		SDCTRL(255,2)
		SDCTRL(255,2)
		SDCTRL(255,2)
		SDCTRL(6,2)
		SDCTRL(255,2)
		SDCTRL(255,2)
		SDCTRL(255,2)
		SDCTRL(255,2)
		SDCTRL(255,2)
		SDCTRL(255,2)
		SDCTRL(6,2)
		SDCTRL(255,2)
		SDCTRL(255,2)
		SDCTRL(255,2)
		SDCTRL(255,2)
		SDCTRL(255,2)
		SDCTRL(255,2)
		SDCTRL(6,2)
		SDCTRL(255,2)
		SDCTRL(255,2)
		SDCTRL(255,2)
		SDCTRL(255,2)
		SDCTRL(255,2)
		SDCTRL(255,2)
		SDCTRL(6,2)
		SDCTRL(255,2)
		SDCTRL(255,2)
		SDCTRL(255,2)
		SDCTRL(255,2)
		SDCTRL(255,2)
		SDCTRL(255,2)
		SDCTRL(6,2)
		SDCTRL(255,2)
		SDCTRL(255,2)
		SDCTRL(255,2)
		SDCTRL(255,2)
		SDCTRL(255,2)
		SDCTRL(255,2)

		SDFREQ(2,8)
		SDFREQ(2,-4)
		SDFREQ(2,2)
		SDFREQ(2,10)
		SDFREQ(2,4)
		SDFREQ(28,-4)
		SDFREQ(2,10)
		SDFREQ(2,2)
		SDFREQ(2,-2)
		SDFREQ(2,6)
		SDFREQ(42,4)
		SDFREQ(2,-8)
		SDFREQ(2,12)
		SDFREQ(2,-4)
		SDFREQ(2,12)
		SDFREQ(2,-8)
		SDFREQ(2,-2)
		SDFREQ(2,14)
		SDFREQ(2,-6)
		SDFREQ(2,10)
		SDFREQ(2,-10)
		SDFREQ(2,14)
		SDFREQ(2,2)
		SDFREQ(2,-8)
		SDFREQ(2,8)
		SDFREQ(2,-2)
		SDFREQ(2,4)
		SDFREQ(28,16)
		SDFREQ(2,-8)
		SDFREQ(28,12)
		SDFREQ(2,-8)
		SDFREQ(2,4)
		SDFREQ(2,8)
		SDFREQ(2,-4)
		SDFREQ(2,2)
		SDFREQ(2,10)
		SDFREQ(28,-4)
		SDFREQ(28,8)
		SDFREQ(2,8)
		SDFREQ(2,-4)
		SDFREQ(2,6)
		SDFREQ(2,4)
		SDFREQ(2,-8)
		SDFREQ(2,6)
		SDFREQ(2,-4)
		SDFREQ(2,6)
		SDFREQ(2,-116)
		SDFREQ(2,118)
		SDFREQ(2,8)
		SDFREQ(2,-126)


		NEWTUNE(s4B_c15)
		SETSNDFREQ(s4B_c15_freq)
		SETSNDCONT(s4B_c15_ctrl)

		SDCTRL(255,2)
		SDCTRL(255,2)
		SDCTRL(255,2)
		SDCTRL(255,2)
		SDCTRL(255,2)
		SDCTRL(255,2)
		SDCTRL(6,2)
		SDCTRL(255,2)
		SDCTRL(255,2)
		SDCTRL(255,2)
		SDCTRL(255,2)
		SDCTRL(255,2)
		SDCTRL(255,2)
		SDCTRL(6,2)
		SDCTRL(255,2)
		SDCTRL(255,2)
		SDCTRL(255,2)
		SDCTRL(255,2)
		SDCTRL(255,2)
		SDCTRL(255,2)
		SDCTRL(6,2)
		SDCTRL(255,2)
		SDCTRL(255,2)
		SDCTRL(255,2)
		SDCTRL(255,2)
		SDCTRL(255,2)
		SDCTRL(255,2)
		SDCTRL(6,2)
		SDCTRL(255,2)
		SDCTRL(255,2)
		SDCTRL(255,2)
		SDCTRL(255,2)
		SDCTRL(255,2)
		SDCTRL(255,2)
		SDCTRL(6,2)
		SDCTRL(255,2)
		SDCTRL(255,2)
		SDCTRL(255,2)
		SDCTRL(255,2)
		SDCTRL(255,2)
		SDCTRL(255,2)
		SDCTRL(6,2)
		SDCTRL(255,2)
		SDCTRL(255,2)
		SDCTRL(255,2)
		SDCTRL(255,2)
		SDCTRL(255,2)
		SDCTRL(255,2)
		SDCTRL(6,2)
		SDCTRL(255,2)
		SDCTRL(255,2)
		SDCTRL(255,2)
		SDCTRL(255,2)
		SDCTRL(255,2)
		SDCTRL(255,2)
		SDCTRL(6,2)
		SDCTRL(255,2)
		SDCTRL(255,2)
		SDCTRL(255,2)
		SDCTRL(255,2)
		SDCTRL(255,2)
		SDCTRL(255,2)
		SDCTRL(6,2)
		SDCTRL(255,2)
		SDCTRL(255,2)
		SDCTRL(255,2)
		SDCTRL(255,2)
		SDCTRL(255,2)
		SDCTRL(255,2)
		SDCTRL(6,2)
		SDCTRL(255,2)
		SDCTRL(255,2)
		SDCTRL(255,2)
		SDCTRL(255,2)
		SDCTRL(255,2)
		SDCTRL(255,2)
		SDCTRL(6,2)
		SDCTRL(255,2)
		SDCTRL(255,2)
		SDCTRL(255,2)
		SDCTRL(255,2)
		SDCTRL(255,2)
		SDCTRL(255,2)
		SDCTRL(6,2)
		SDCTRL(255,2)
		SDCTRL(255,2)
		SDCTRL(255,2)
		SDCTRL(255,2)
		SDCTRL(255,2)
		SDCTRL(255,2)
		SDCTRL(6,2)
		SDCTRL(255,2)
		SDCTRL(255,2)
		SDCTRL(255,2)
		SDCTRL(255,2)
		SDCTRL(255,2)
		SDCTRL(255,2)
		SDCTRL(6,2)
		SDCTRL(255,2)
		SDCTRL(255,2)
		SDCTRL(255,2)
		SDCTRL(255,2)
		SDCTRL(255,2)
		SDCTRL(255,2)
		SDCTRL(6,2)
		SDCTRL(255,2)
		SDCTRL(255,2)
		SDCTRL(255,2)
		SDCTRL(255,2)
		SDCTRL(255,2)
		SDCTRL(255,2)
		SDCTRL(6,2)
		SDCTRL(255,2)
		SDCTRL(255,2)
		SDCTRL(255,2)
		SDCTRL(255,2)
		SDCTRL(255,2)
		SDCTRL(255,2)
		SDCTRL(6,2)
		SDCTRL(255,2)
		SDCTRL(255,2)
		SDCTRL(255,2)
		SDCTRL(255,2)
		SDCTRL(255,2)
		SDCTRL(255,2)
		SDCTRL(6,2)
		SDCTRL(255,2)
		SDCTRL(255,2)
		SDCTRL(255,2)
		SDCTRL(255,2)
		SDCTRL(255,2)
		SDCTRL(255,2)
		SDCTRL(6,2)
		SDCTRL(255,2)
		SDCTRL(255,2)
		SDCTRL(255,2)
		SDCTRL(255,2)
		SDCTRL(255,2)
		SDCTRL(255,2)
		SDCTRL(6,2)
		SDCTRL(255,2)
		SDCTRL(255,2)
		SDCTRL(255,2)
		SDCTRL(255,2)
		SDCTRL(255,2)
		SDCTRL(255,2)
		SDCTRL(6,2)
		SDCTRL(255,2)
		SDCTRL(255,2)
		SDCTRL(255,2)
		SDCTRL(255,2)
		SDCTRL(255,2)
		SDCTRL(255,2)
		SDCTRL(6,2)
		SDCTRL(255,2)
		SDCTRL(255,2)
		SDCTRL(255,2)
		SDCTRL(255,2)
		SDCTRL(255,2)
		SDCTRL(255,2)

		SDFREQ(2,0)
		SDFREQ(2,10)
		SDFREQ(2,-1)
		SDFREQ(2,-2)
		SDFREQ(2,-1)
		SDFREQ(2,-1)
		SDFREQ(2,-1)
		SDFREQ(28,-1)
		SDFREQ(2,-1)

		NEWTUNE(s4B_c14)
		SETSNDFREQ(s4B_c14_freq)
		SETSNDCONT(s4B_c14_ctrl)

		SDCTRL(0,82)

		SDFREQ(2,0)
		SDFREQ(2,69)
		SDFREQ(2,-59)
		SDFREQ(2,103)
		SDFREQ(2,6)
		SDFREQ(2,-95)
		SDFREQ(2,57)
		SDFREQ(2,-49)
		SDFREQ(2,-30)
		SDFREQ(2,115)
		SDFREQ(2,3)
		SDFREQ(2,-112)
		SDFREQ(2,29)
		SDFREQ(2,39)
		SDFREQ(2,-79)

		NEWTUNE(s4B_c13)
		SETSNDFREQ(s4B_c13_freq)
		SETSNDCONT(s4B_c13_ctrl)

		SDCTRL(255,2)
		SDCTRL(255,2)
		SDCTRL(255,2)
		SDCTRL(255,2)
		SDCTRL(255,2)
		SDCTRL(255,2)
		SDCTRL(6,2)
		SDCTRL(255,2)
		SDCTRL(255,2)
		SDCTRL(255,2)
		SDCTRL(255,2)
		SDCTRL(255,2)
		SDCTRL(255,2)
		SDCTRL(6,2)
		SDCTRL(255,2)
		SDCTRL(255,2)
		SDCTRL(255,2)
		SDCTRL(255,2)
		SDCTRL(255,2)
		SDCTRL(255,2)
		SDCTRL(6,2)
		SDCTRL(255,2)
		SDCTRL(255,2)
		SDCTRL(255,2)
		SDCTRL(255,2)
		SDCTRL(255,2)
		SDCTRL(255,2)
		SDCTRL(6,2)
		SDCTRL(255,2)
		SDCTRL(255,2)
		SDCTRL(255,2)
		SDCTRL(255,2)
		SDCTRL(255,2)
		SDCTRL(255,2)
		SDCTRL(6,2)
		SDCTRL(255,2)
		SDCTRL(255,2)
		SDCTRL(255,2)
		SDCTRL(255,2)
		SDCTRL(255,2)
		SDCTRL(255,2)
		SDCTRL(6,2)
		SDCTRL(255,2)
		SDCTRL(255,2)
		SDCTRL(255,2)
		SDCTRL(255,2)
		SDCTRL(255,2)
		SDCTRL(255,2)
		SDCTRL(6,2)
		SDCTRL(255,2)
		SDCTRL(255,2)
		SDCTRL(255,2)
		SDCTRL(255,2)
		SDCTRL(255,2)
		SDCTRL(255,2)
		SDCTRL(6,2)
		SDCTRL(255,2)
		SDCTRL(255,2)
		SDCTRL(255,2)
		SDCTRL(255,2)
		SDCTRL(255,2)
		SDCTRL(255,2)
		SDCTRL(6,2)
		SDCTRL(255,2)
		SDCTRL(255,2)
		SDCTRL(255,2)
		SDCTRL(255,2)
		SDCTRL(255,2)
		SDCTRL(255,2)
		SDCTRL(6,2)
		SDCTRL(255,2)
		SDCTRL(255,2)
		SDCTRL(255,2)
		SDCTRL(255,2)
		SDCTRL(255,2)
		SDCTRL(255,2)
		SDCTRL(6,2)
		SDCTRL(255,2)
		SDCTRL(255,2)
		SDCTRL(255,2)
		SDCTRL(255,2)
		SDCTRL(255,2)
		SDCTRL(255,2)
		SDCTRL(6,2)
		SDCTRL(255,2)
		SDCTRL(255,2)
		SDCTRL(255,2)
		SDCTRL(255,2)
		SDCTRL(255,2)
		SDCTRL(255,2)
		SDCTRL(6,2)
		SDCTRL(255,2)
		SDCTRL(255,2)
		SDCTRL(255,2)
		SDCTRL(255,2)
		SDCTRL(255,2)
		SDCTRL(255,2)
		SDCTRL(6,2)
		SDCTRL(255,2)
		SDCTRL(255,2)
		SDCTRL(255,2)
		SDCTRL(255,2)
		SDCTRL(255,2)
		SDCTRL(255,2)
		SDCTRL(6,2)
		SDCTRL(255,2)
		SDCTRL(255,2)
		SDCTRL(255,2)
		SDCTRL(255,2)
		SDCTRL(255,2)
		SDCTRL(255,2)
		SDCTRL(6,2)
		SDCTRL(255,2)
		SDCTRL(255,2)
		SDCTRL(255,2)
		SDCTRL(255,2)
		SDCTRL(255,2)
		SDCTRL(255,2)
		SDCTRL(6,2)
		SDCTRL(255,2)
		SDCTRL(255,2)
		SDCTRL(255,2)
		SDCTRL(255,2)
		SDCTRL(255,2)
		SDCTRL(255,2)
		SDCTRL(6,2)
		SDCTRL(255,2)
		SDCTRL(255,2)
		SDCTRL(255,2)
		SDCTRL(255,2)
		SDCTRL(255,2)
		SDCTRL(255,2)
		SDCTRL(6,2)
		SDCTRL(255,2)
		SDCTRL(255,2)
		SDCTRL(255,2)
		SDCTRL(255,2)
		SDCTRL(255,2)
		SDCTRL(255,2)
		SDCTRL(6,2)
		SDCTRL(255,2)
		SDCTRL(255,2)
		SDCTRL(255,2)
		SDCTRL(255,2)
		SDCTRL(255,2)
		SDCTRL(255,2)
		SDCTRL(6,2)
		SDCTRL(255,2)
		SDCTRL(255,2)
		SDCTRL(255,2)
		SDCTRL(255,2)
		SDCTRL(255,2)
		SDCTRL(255,2)
		SDCTRL(6,2)
		SDCTRL(255,2)
		SDCTRL(255,2)
		SDCTRL(255,2)
		SDCTRL(255,2)
		SDCTRL(255,2)
		SDCTRL(255,2)

		SDFREQ(2,0)
		SDFREQ(2,10)
		SDFREQ(2,-1)
		SDFREQ(2,-2)
		SDFREQ(2,-1)
		SDFREQ(2,-1)
		SDFREQ(2,-1)
		SDFREQ(28,-1)
		SDFREQ(2,-1)

		NEWTUNE(s4B_c12)
		SETSNDFREQ(s4B_c12_freq)
		SETSNDCONT(s4B_c12_ctrl)

		SDCTRL(0,82)

		SDFREQ(2,0)
		SDFREQ(2,69)
		SDFREQ(2,-59)
		SDFREQ(2,103)
		SDFREQ(2,6)
		SDFREQ(2,-95)
		SDFREQ(2,57)
		SDFREQ(2,-49)
		SDFREQ(2,-30)
		SDFREQ(2,115)
		SDFREQ(2,3)
		SDFREQ(2,-112)
		SDFREQ(2,29)
		SDFREQ(2,39)
		SDFREQ(2,-79)
		SDFREQ(2,58)
		SDFREQ(2,65)

		NEWTUNE(s4B_c11)
		SETSNDFREQ(s4B_c11_freq)
		SETSNDCONT(s4B_c11_ctrl)

		SDCTRL(255,2)
		SDCTRL(255,2)
		SDCTRL(255,2)
		SDCTRL(255,2)
		SDCTRL(255,2)
		SDCTRL(255,2)
		SDCTRL(6,2)
		SDCTRL(255,2)
		SDCTRL(255,2)
		SDCTRL(255,2)
		SDCTRL(255,2)
		SDCTRL(255,2)
		SDCTRL(255,2)
		SDCTRL(6,2)
		SDCTRL(255,2)
		SDCTRL(255,2)
		SDCTRL(255,2)
		SDCTRL(255,2)
		SDCTRL(255,2)
		SDCTRL(255,2)
		SDCTRL(6,2)
		SDCTRL(255,2)
		SDCTRL(255,2)
		SDCTRL(255,2)
		SDCTRL(255,2)
		SDCTRL(255,2)
		SDCTRL(255,2)
		SDCTRL(6,2)
		SDCTRL(255,2)
		SDCTRL(255,2)
		SDCTRL(255,2)
		SDCTRL(255,2)
		SDCTRL(255,2)
		SDCTRL(255,2)
		SDCTRL(6,2)
		SDCTRL(255,2)
		SDCTRL(255,2)
		SDCTRL(255,2)
		SDCTRL(255,2)
		SDCTRL(255,2)
		SDCTRL(255,2)
		SDCTRL(6,2)
		SDCTRL(255,2)
		SDCTRL(255,2)
		SDCTRL(255,2)
		SDCTRL(255,2)
		SDCTRL(255,2)
		SDCTRL(255,2)
		SDCTRL(6,2)
		SDCTRL(255,2)
		SDCTRL(255,2)
		SDCTRL(255,2)
		SDCTRL(255,2)
		SDCTRL(255,2)
		SDCTRL(255,2)
		SDCTRL(6,2)
		SDCTRL(255,2)
		SDCTRL(255,2)
		SDCTRL(255,2)
		SDCTRL(255,2)
		SDCTRL(255,2)
		SDCTRL(255,2)
		SDCTRL(6,2)
		SDCTRL(255,2)
		SDCTRL(255,2)
		SDCTRL(255,2)
		SDCTRL(255,2)
		SDCTRL(255,2)
		SDCTRL(255,2)
		SDCTRL(6,2)
		SDCTRL(255,2)
		SDCTRL(255,2)
		SDCTRL(255,2)
		SDCTRL(255,2)
		SDCTRL(255,2)
		SDCTRL(255,2)
		SDCTRL(6,2)
		SDCTRL(255,2)
		SDCTRL(255,2)
		SDCTRL(255,2)
		SDCTRL(255,2)
		SDCTRL(255,2)
		SDCTRL(255,2)
		SDCTRL(6,2)
		SDCTRL(255,2)
		SDCTRL(255,2)
		SDCTRL(255,2)
		SDCTRL(255,2)
		SDCTRL(255,2)
		SDCTRL(255,2)
		SDCTRL(6,2)
		SDCTRL(255,2)
		SDCTRL(255,2)
		SDCTRL(255,2)
		SDCTRL(255,2)
		SDCTRL(255,2)
		SDCTRL(255,2)
		SDCTRL(6,2)
		SDCTRL(255,2)
		SDCTRL(255,2)
		SDCTRL(255,2)
		SDCTRL(255,2)
		SDCTRL(255,2)
		SDCTRL(255,2)
		SDCTRL(6,2)
		SDCTRL(255,2)
		SDCTRL(255,2)
		SDCTRL(255,2)
		SDCTRL(255,2)
		SDCTRL(255,2)
		SDCTRL(255,2)
		SDCTRL(6,2)
		SDCTRL(255,2)
		SDCTRL(255,2)
		SDCTRL(255,2)
		SDCTRL(255,2)
		SDCTRL(255,2)
		SDCTRL(255,2)
		SDCTRL(6,2)
		SDCTRL(255,2)
		SDCTRL(255,2)
		SDCTRL(255,2)
		SDCTRL(255,2)
		SDCTRL(255,2)
		SDCTRL(255,2)
		SDCTRL(6,2)
		SDCTRL(255,2)
		SDCTRL(255,2)
		SDCTRL(255,2)
		SDCTRL(255,2)
		SDCTRL(255,2)
		SDCTRL(255,2)
		SDCTRL(6,2)
		SDCTRL(255,2)
		SDCTRL(255,2)
		SDCTRL(255,2)
		SDCTRL(255,2)
		SDCTRL(255,2)
		SDCTRL(255,2)
		SDCTRL(6,2)
		SDCTRL(255,2)
		SDCTRL(255,2)
		SDCTRL(255,2)
		SDCTRL(255,2)
		SDCTRL(255,2)
		SDCTRL(255,2)
		SDCTRL(6,2)
		SDCTRL(255,2)
		SDCTRL(255,2)
		SDCTRL(255,2)
		SDCTRL(255,2)
		SDCTRL(255,2)
		SDCTRL(255,2)
		SDCTRL(6,2)
		SDCTRL(255,2)
		SDCTRL(255,2)
		SDCTRL(255,2)
		SDCTRL(255,2)
		SDCTRL(255,2)
		SDCTRL(255,2)

		SDFREQ(2,0)
		SDFREQ(2,10)
		SDFREQ(2,-1)
		SDFREQ(2,-2)
		SDFREQ(2,-1)
		SDFREQ(2,-1)
		SDFREQ(2,-1)
		SDFREQ(28,-1)
		SDFREQ(2,-1)
		SDFREQ(130,-1)

		NEWTUNE(s4B_c10)
		SETSNDFREQ(s4B_c10_freq)
		SETSNDCONT(s4B_c10_ctrl)

		SDCTRL(0,82)

		SDFREQ(2,0)
		SDFREQ(2,69)
		SDFREQ(2,-59)
		SDFREQ(2,103)
		SDFREQ(2,6)
		SDFREQ(2,-95)
		SDFREQ(2,57)
		SDFREQ(2,-49)
		SDFREQ(2,-30)
		SDFREQ(2,115)
		SDFREQ(2,3)
		SDFREQ(2,-112)
		SDFREQ(2,29)
		SDFREQ(2,39)
		SDFREQ(2,-79)
		SDFREQ(2,58)
		SDFREQ(2,65)
		SDFREQ(2,-56)
		SDFREQ(2,-50)

		NEWTUNE(s4B_c9)
		SETSNDFREQ(s4B_c9_freq)
		SETSNDCONT(s4B_c9_ctrl)

		SDCTRL(255,2)
		SDCTRL(255,2)
		SDCTRL(255,2)
		SDCTRL(255,2)
		SDCTRL(255,2)
		SDCTRL(255,2)
		SDCTRL(6,2)
		SDCTRL(255,2)
		SDCTRL(255,2)
		SDCTRL(255,2)
		SDCTRL(255,2)
		SDCTRL(255,2)
		SDCTRL(255,2)
		SDCTRL(6,2)
		SDCTRL(255,2)
		SDCTRL(255,2)
		SDCTRL(255,2)
		SDCTRL(255,2)
		SDCTRL(255,2)
		SDCTRL(255,2)
		SDCTRL(6,2)
		SDCTRL(255,2)
		SDCTRL(255,2)
		SDCTRL(255,2)
		SDCTRL(255,2)
		SDCTRL(255,2)
		SDCTRL(255,2)
		SDCTRL(6,2)
		SDCTRL(255,2)
		SDCTRL(255,2)
		SDCTRL(255,2)
		SDCTRL(255,2)
		SDCTRL(255,2)
		SDCTRL(255,2)
		SDCTRL(6,2)
		SDCTRL(255,2)
		SDCTRL(255,2)
		SDCTRL(255,2)
		SDCTRL(255,2)
		SDCTRL(255,2)
		SDCTRL(255,2)
		SDCTRL(6,2)
		SDCTRL(255,2)
		SDCTRL(255,2)
		SDCTRL(255,2)
		SDCTRL(255,2)
		SDCTRL(255,2)
		SDCTRL(255,2)
		SDCTRL(6,2)
		SDCTRL(255,2)
		SDCTRL(255,2)
		SDCTRL(255,2)
		SDCTRL(255,2)
		SDCTRL(255,2)
		SDCTRL(255,2)
		SDCTRL(6,2)
		SDCTRL(255,2)
		SDCTRL(255,2)
		SDCTRL(255,2)
		SDCTRL(255,2)
		SDCTRL(255,2)
		SDCTRL(255,2)
		SDCTRL(6,2)
		SDCTRL(255,2)
		SDCTRL(255,2)
		SDCTRL(255,2)
		SDCTRL(255,2)
		SDCTRL(255,2)
		SDCTRL(255,2)
		SDCTRL(6,2)
		SDCTRL(255,2)
		SDCTRL(255,2)
		SDCTRL(255,2)
		SDCTRL(255,2)
		SDCTRL(255,2)
		SDCTRL(255,2)
		SDCTRL(6,2)
		SDCTRL(255,2)
		SDCTRL(255,2)
		SDCTRL(255,2)
		SDCTRL(255,2)
		SDCTRL(255,2)
		SDCTRL(255,2)
		SDCTRL(6,2)
		SDCTRL(255,2)
		SDCTRL(255,2)
		SDCTRL(255,2)
		SDCTRL(255,2)
		SDCTRL(255,2)
		SDCTRL(255,2)
		SDCTRL(6,2)
		SDCTRL(255,2)
		SDCTRL(255,2)
		SDCTRL(255,2)
		SDCTRL(255,2)
		SDCTRL(255,2)
		SDCTRL(255,2)
		SDCTRL(6,2)
		SDCTRL(255,2)
		SDCTRL(255,2)
		SDCTRL(255,2)
		SDCTRL(255,2)
		SDCTRL(255,2)
		SDCTRL(255,2)
		SDCTRL(6,2)
		SDCTRL(255,2)
		SDCTRL(255,2)
		SDCTRL(255,2)
		SDCTRL(255,2)
		SDCTRL(255,2)
		SDCTRL(255,2)
		SDCTRL(6,2)
		SDCTRL(255,2)
		SDCTRL(255,2)
		SDCTRL(255,2)
		SDCTRL(255,2)
		SDCTRL(255,2)
		SDCTRL(255,2)
		SDCTRL(6,2)
		SDCTRL(255,2)
		SDCTRL(255,2)
		SDCTRL(255,2)
		SDCTRL(255,2)
		SDCTRL(255,2)
		SDCTRL(255,2)
		SDCTRL(6,2)
		SDCTRL(255,2)
		SDCTRL(255,2)
		SDCTRL(255,2)
		SDCTRL(255,2)
		SDCTRL(255,2)
		SDCTRL(255,2)
		SDCTRL(6,2)
		SDCTRL(255,2)
		SDCTRL(255,2)
		SDCTRL(255,2)
		SDCTRL(255,2)
		SDCTRL(255,2)
		SDCTRL(255,2)
		SDCTRL(6,2)
		SDCTRL(255,2)
		SDCTRL(255,2)
		SDCTRL(255,2)
		SDCTRL(255,2)
		SDCTRL(255,2)
		SDCTRL(255,2)
		SDCTRL(6,2)
		SDCTRL(255,2)
		SDCTRL(255,2)
		SDCTRL(255,2)
		SDCTRL(255,2)
		SDCTRL(255,2)
		SDCTRL(255,2)
		SDCTRL(6,2)
		SDCTRL(255,2)
		SDCTRL(255,2)
		SDCTRL(255,2)
		SDCTRL(255,2)
		SDCTRL(255,2)
		SDCTRL(255,2)

		SDFREQ(2,0)
		SDFREQ(2,10)
		SDFREQ(2,-1)
		SDFREQ(2,-2)
		SDFREQ(2,-1)
		SDFREQ(2,-1)
		SDFREQ(2,-1)
		SDFREQ(28,-1)
		SDFREQ(2,-1)
		SDFREQ(130,-1)
		SDFREQ(2,30)
		SDFREQ(2,-32)

		NEWTUNE(s4B_c8)
		SETSNDFREQ(s4B_c8_freq)
		SETSNDCONT(s4B_c8_ctrl)

		SDCTRL(0,82)

		SDFREQ(2,0)
		SDFREQ(2,69)
		SDFREQ(2,-59)
		SDFREQ(2,103)
		SDFREQ(2,6)
		SDFREQ(2,-95)
		SDFREQ(2,57)
		SDFREQ(2,-49)
		SDFREQ(2,-30)
		SDFREQ(2,115)
		SDFREQ(2,3)
		SDFREQ(2,-112)
		SDFREQ(2,29)
		SDFREQ(2,39)
		SDFREQ(2,-79)
		SDFREQ(2,58)
		SDFREQ(2,65)
		SDFREQ(2,-56)
		SDFREQ(2,-50)
		SDFREQ(2,-18)
		SDFREQ(2,-1)


